2025-11-14 05:29:20.035: [INFO] VisibilityChanged: 0
2025-11-14 05:29:20.127: [INFO] RecordSyncInitDuration has_sync_been_enabled: 0 state: 0
2025-11-14 05:29:20.128: [INFO] RecordSyncInitDuration has_sync_been_enabled: 0 state: 0
2025-11-14 05:29:20.129: [INFO] RecordSyncInitDuration has_sync_been_enabled: 0 state: 0
2025-11-14 05:29:20.130: [INFO] RecordSyncInitDuration has_sync_been_enabled: 0 state: 0
2025-11-14 05:29:20.131: [INFO] RecordSyncInitDuration has_sync_been_enabled: 0 state: 0
2025-11-14 05:29:20.132: [INFO] RecordSyncInitDuration has_sync_been_enabled: 0 state: 0
2025-11-14 05:29:20.133: [INFO] RecordSyncInitDuration has_sync_been_enabled: 0 state: 0
2025-11-14 05:29:20.133: [INFO] RecordSyncInitDuration has_sync_been_enabled: 0 state: 0
2025-11-14 05:29:20.134: [INFO] RecordSyncInitDuration has_sync_been_enabled: 0 state: 0
2025-11-14 05:29:20.135: [INFO] RecordSyncInitDuration has_sync_been_enabled: 0 state: 0
2025-11-14 05:29:20.136: [INFO] RecordSyncInitDuration has_sync_been_enabled: 0 state: 0
2025-11-14 05:29:20.159: [INFO] BookmarkNodeAdded, ABU: 0
2025-11-14 05:29:20.161: [INFO] BookmarkNodeAdded, ABU: 0
2025-11-14 05:29:20.165: [INFO] BookmarkNodeAdded, ABU: 0
2025-11-14 05:29:20.170: [INFO] BookmarkNodeAdded, ABU: 0
2025-11-14 05:29:20.170: [INFO] BookmarkModelLoaded, ids_reassigned: 0
2025-11-14 05:29:20.170: [INFO] OnDoneLoading sync enabled: 0
2025-11-14 05:29:20.260: [INFO] RecordSyncInitDuration has_sync_been_enabled: 0 state: 0
2025-11-14 05:29:24.755: [INFO] RecordSyncInitDuration has_sync_been_enabled: 0 state: 3
2025-11-14 05:29:24.772: [INFO] Primary account changed.
2025-11-14 05:29:24.772: [INFO] OnPrimaryAccountChanged PrimaryAccountChangeEvent::Type::kSet
2025-11-14 05:29:24.775: [INFO] RecordSyncInitDuration has_sync_been_enabled: 0 state: 3
2025-11-14 05:29:24.942: [INFO] RecordSyncInitDuration has_sync_been_enabled: 0 state: 3
2025-11-14 05:29:28.566: [INFO] VisibilityChanged: 1
2025-11-14 05:29:28.668: [INFO] BookmarkNodeAdded, ABU: 0
2025-11-14 05:29:28.668: [INFO] BookmarkNodeAdded, ABU: 0
2025-11-14 05:29:28.687: [INFO] BookmarkNodeAdded, ABU: 0
2025-11-14 05:29:28.689: [INFO] BookmarkNodeAdded, ABU: 0
2025-11-14 05:29:34.815: [INFO] Sync initialization duration: 9683ms
2025-11-14 05:31:37.024: [INFO] VisibilityChanged: 0
2025-11-14 05:33:38.032: [INFO] OnDoneLoading sync enabled: 1
2025-11-14 05:33:41.458: [INFO] Sync initialization duration: 3148ms
2025-11-14 05:45:20.953: [INFO] VisibilityChanged: 0
2025-11-17 02:38:14.680: [INFO] OnDoneLoading sync enabled: 1
2025-11-17 02:38:16.274: [INFO] Sync initialization duration: 1331ms
2025-11-17 02:55:17.760: [INFO] VisibilityChanged: 0
2025-11-17 03:18:21.772: [INFO] OnDoneLoading sync enabled: 1
2025-11-17 03:18:23.492: [INFO] Sync initialization duration: 1452ms
2025-11-17 03:24:15.904: [INFO] VisibilityChanged: 0
2025-11-17 03:24:47.087: [INFO] OnDoneLoading sync enabled: 1
2025-11-17 03:24:48.672: [INFO] Sync initialization duration: 1338ms
2025-11-17 03:26:43.603: [INFO] VisibilityChanged: 0
2025-11-17 03:27:08.093: [INFO] OnDoneLoading sync enabled: 1
2025-11-17 03:27:09.586: [INFO] Sync initialization duration: 1227ms
2025-11-17 03:34:29.518: [INFO] VisibilityChanged: 0
2025-11-17 03:37:29.921: [INFO] OnDoneLoading sync enabled: 1
2025-11-17 03:37:31.501: [INFO] Sync initialization duration: 1311ms
2025-11-17 03:41:37.705: [INFO] VisibilityChanged: 0
2025-11-17 04:47:37.053: [INFO] OnDoneLoading sync enabled: 1
2025-11-17 04:47:39.011: [INFO] Sync initialization duration: 1649ms
2025-11-17 04:49:09.679: [INFO] VisibilityChanged: 0
2025-11-17 04:49:56.045: [INFO] OnDoneLoading sync enabled: 1
2025-11-17 04:49:58.016: [INFO] Sync initialization duration: 1536ms
2025-11-17 04:52:00.078: [INFO] VisibilityChanged: 0
2025-11-17 04:59:17.591: [INFO] OnDoneLoading sync enabled: 1
2025-11-17 04:59:19.736: [INFO] Sync initialization duration: 1855ms
2025-11-17 05:03:36.818: [INFO] VisibilityChanged: 0
2025-11-17 05:04:44.954: [INFO] OnDoneLoading sync enabled: 1
2025-11-17 05:04:47.534: [INFO] Sync initialization duration: 2280ms
2025-11-17 05:17:30.278: [INFO] VisibilityChanged: 0
2025-11-17 05:33:41.930: [INFO] OnDoneLoading sync enabled: 1
2025-11-17 05:33:44.043: [INFO] Sync initialization duration: 1802ms
2025-11-17 05:42:52.286: [INFO] VisibilityChanged: 0
2025-11-17 05:43:43.879: [INFO] OnDoneLoading sync enabled: 1
2025-11-17 05:43:46.571: [INFO] Sync initialization duration: 2365ms
2025-11-17 05:52:09.748: [INFO] VisibilityChanged: 0
2025-11-17 05:53:08.679: [INFO] OnDoneLoading sync enabled: 1
2025-11-17 05:53:12.038: [INFO] Sync initialization duration: 2996ms
2025-11-17 05:55:43.601: [INFO] VisibilityChanged: 0
2025-11-17 05:56:19.144: [INFO] OnDoneLoading sync enabled: 1
2025-11-17 05:56:20.906: [INFO] Sync initialization duration: 1491ms
2025-11-17 06:00:26.707: [INFO] VisibilityChanged: 0
2025-11-18 00:45:26.247: [INFO] OnDoneLoading sync enabled: 1
2025-11-18 00:45:30.386: [INFO] Sync initialization duration: 3869ms
2025-11-18 00:48:24.778: [INFO] VisibilityChanged: 0
2025-11-18 00:50:01.325: [INFO] OnDoneLoading sync enabled: 1
2025-11-18 00:50:04.519: [INFO] Sync initialization duration: 2899ms
2025-11-18 01:02:22.882: [INFO] VisibilityChanged: 0
