{"logTime": "1117/044739", "correlationVector":"UZq5p86Y9sQNXZnvFC8E2E.4","action":"ProcessGetUpdates", "result":"Done", "context":{"dataType":"Device Info", "deleted":"0", "process_failed_to_decrypt":"0", "process_pending_decryption":"0", "process_success":"2", "total":"2"}}
{"logTime": "1117/044739", "correlationVector":"UZq5p86Y9sQNXZnvFC8E2E.5","action":"ProcessGetUpdates", "result":"Done", "context":{"dataType":"History", "deleted":"0", "process_failed_to_decrypt":"0", "process_pending_decryption":"0", "process_success":"9", "total":"9"}}
{"logTime": "1117/044739", "correlationVector":"UZq5p86Y9sQNXZnvFC8E2E.6","action":"GetUpdates Response", "result":"Success", "context":Received 18 update(s). cV=UZq5p86Y9sQNXZnvFC8E2E.0;server=akswtt107000006;cloudType=Multitenant;environment=Prod_japaneast_prod-s01-061-apac-japaneast;migrationStage=NotStarted}
{"logTime": "1117/044739", "correlationVector":"4TaH/mfL2ZmyV/lDR9blWx","action":"Commit Request", "result":"", "context":Item count: 1
Contributing types: History}
{"logTime": "1117/044740", "correlationVector":"4TaH/mfL2ZmyV/lDR9blWx.1","action":"SyncServerConnectionManagerRequest", "result":"SYNC_SERVER_OK", "context":{"environment":"Prod_japaneast_prod-s01-061-apac-japaneast", "migrationStage":"NotStarted", "server":"akswtt107000007"}}
{"logTime": "1117/044740", "correlationVector":"4TaH/mfL2ZmyV/lDR9blWx.2","action":"Commit Response", "result":"Success", "context":Result: Success. cV=4TaH/mfL2ZmyV/lDR9blWx.0;server=akswtt107000007;cloudType=Multitenant;environment=Prod_japaneast_prod-s01-061-apac-japaneast;migrationStage=NotStarted}
{"logTime": "1117/044840", "correlationVector":"OvwQKirV3zbbe8kwsWAVMV","action":"Commit Request", "result":"", "context":Item count: 8
Contributing types: Sessions, History}
{"logTime": "1117/044840", "correlationVector":"OvwQKirV3zbbe8kwsWAVMV.1","action":"SyncServerConnectionManagerRequest", "result":"SYNC_SERVER_OK", "context":{"environment":"Prod_japaneast_prod-s01-061-apac-japaneast", "migrationStage":"NotStarted", "server":"akswtt107000007"}}
{"logTime": "1117/044840", "correlationVector":"OvwQKirV3zbbe8kwsWAVMV.2","action":"Commit Response", "result":"Success", "context":Result: Success. cV=OvwQKirV3zbbe8kwsWAVMV.0;server=akswtt107000007;cloudType=Multitenant;environment=Prod_japaneast_prod-s01-061-apac-japaneast;migrationStage=NotStarted}
{"logTime": "1117/044956", "correlationVector":"yAmN54RVQ0v4DzRUMDRtZ+.1","action":"SyncServerConnectionManagerRequest", "result":"SYNC_SERVER_OK", "context":{"environment":"Prod_japanwest_prod-s01-066-apac-japanwest", "migrationStage":"NotStarted", "server":"akswtt10700000v"}}
{"logTime": "1117/044957", "correlationVector":"yAmN54RVQ0v4DzRUMDRtZ+.2","action":"AAD.Mip.Unpack", "result":"Success", "context":MIP_CLOUD_COMMERCIAL:Success}
{"logTime": "1117/044957", "correlationVector":"yAmN54RVQ0v4DzRUMDRtZ+.3","action":"EncryptionKeysManager::SetEncryptionKeys:", "result":"Success", "context":Key names[4]:[k4bg9FW0uDSlrXjO2g/fit/NdA3aSxA85Jskh0gQxWGTRyP7KJUnK216WndIoWk4ibNNlmgYA5+YD6lU2Ma2hg==][uLrGeqx+XstEyercTooXS/pYKNj/PJpAS4ervE8NQay7m26hixzRBc5oppXgU4cYX+6hjDl00O50GHbDGsUbPw==][JLOvMvQYC+2QUeC6eODoIP5O/Z8CBFjijFBllAA0wjJXZpjRTdeCAWZVR91DDkwYDszyUVS203/bwzjFII+iVw==][QpDi7vOE6BsKjGxCsMl/Aw2BPPGV7Sa2qClkFbKgXopEYPWgfdUqARh2gHT3OHzZ6DjhKpqZtYkwWgBU60vqiw==]}
{"logTime": "1117/044957", "correlationVector":"yAmN54RVQ0v4DzRUMDRtZ+.4","action":"AAD.GetKeyResponse", "result":"Success", "context":Keys=4.LastKeyStatus=Active. 2025-09-01 11:07:08 +09.State=None. Tags: Current_encryption_keys_tag = UlDvv70+P++/vSF9ExRyBgnvv708VVkR77+977+9DE5s77+9Wh5yJHNcbGY=, Updated_current_encryption_keys_tag = Empty. Emails: ["ktq2390326@stu.o-hara.ac.jp"]}
{"logTime": "1117/044957", "correlationVector":"yAmN54RVQ0v4DzRUMDRtZ+.5","action":"ProcessGetUpdates", "result":"Done", "context":{"dataType":"Encryption Keys", "deleted":"0", "process_failed_to_decrypt":"0", "process_pending_decryption":"0", "process_success":"1", "total":"1"}}
{"logTime": "1117/044957", "correlationVector":"yAmN54RVQ0v4DzRUMDRtZ+","action":"Initial GetUpdates", "result":"", "context":Reason: NEW_CLIENT. cV=yAmN54RVQ0v4DzRUMDRtZ+}
{"logTime": "1117/044957", "correlationVector":"yAmN54RVQ0v4DzRUMDRtZ+.6","action":"GetUpdates Response", "result":"Success", "context":Received 1 update(s). cV=yAmN54RVQ0v4DzRUMDRtZ+.0;server=akswtt10700000v;cloudType=Multitenant;environment=Prod_japanwest_prod-s01-066-apac-japanwest;migrationStage=NotStarted}
{"logTime": "1117/044957", "correlationVector":"mxILzk9d8KP2yp2M939B97","action":"Initial GetUpdates", "result":"", "context":Reason: NEWLY_SUPPORTED_DATATYPE. cV=mxILzk9d8KP2yp2M939B97}
{"logTime": "1117/044957", "correlationVector":"mxILzk9d8KP2yp2M939B97.1","action":"SyncServerConnectionManagerRequest", "result":"SYNC_SERVER_OK", "context":{"environment":"Prod_japaneast_prod-s01-061-apac-japaneast", "migrationStage":"NotStarted", "server":"akswtt107000008"}}
{"logTime": "1117/044957", "correlationVector":"mxILzk9d8KP2yp2M939B97.2","action":"ProcessGetUpdates", "result":"Done", "context":{"dataType":"Passwords", "deleted":"2", "process_failed_to_decrypt":"0", "process_pending_decryption":"0", "process_success":"71", "total":"71"}}
{"logTime": "1117/044957", "correlationVector":"mxILzk9d8KP2yp2M939B97.3","action":"GetUpdates Response", "result":"Success", "context":Received 71 update(s). cV=mxILzk9d8KP2yp2M939B97.0;server=akswtt107000008;cloudType=Multitenant;environment=Prod_japaneast_prod-s01-061-apac-japaneast;migrationStage=NotStarted}
{"logTime": "1117/044958", "correlationVector":"WRW24y0UDUEw+xabepeFur","action":"Normal GetUpdate request", "result":"", "context":cV=WRW24y0UDUEw+xabepeFur
Nudged types: Sessions, Device Info, History
Refresh requested types: Bookmarks, Preferences, Passwords, Autofill Profiles, Autofill, Extensions, Sessions, Extension settings, History Delete Directives, Device Info, User Consents, Send Tab To Self, Web Apps, History, Saved Tab Group, WebAuthn Credentials, Collection, Edge E Drop, Edge Hub App Usage, Edge Wallet, Encryption Keys}
{"logTime": "1117/044958", "correlationVector":"WRW24y0UDUEw+xabepeFur.1","action":"SyncServerConnectionManagerRequest", "result":"SYNC_SERVER_OK", "context":{"environment":"Prod_japanwest_prod-s01-066-apac-japanwest", "migrationStage":"NotStarted", "server":"akswtt10700000j"}}
{"logTime": "1117/044958", "correlationVector":"WRW24y0UDUEw+xabepeFur.2","action":"ProcessGetUpdates", "result":"Done", "context":{"dataType":"Sessions", "deleted":"0", "process_failed_to_decrypt":"0", "process_pending_decryption":"0", "process_success":"2", "total":"2"}}
{"logTime": "1117/044958", "correlationVector":"WRW24y0UDUEw+xabepeFur.3","action":"ProcessGetUpdates", "result":"Done", "context":{"dataType":"History", "deleted":"0", "process_failed_to_decrypt":"0", "process_pending_decryption":"0", "process_success":"6", "total":"6"}}
{"logTime": "1117/044958", "correlationVector":"WRW24y0UDUEw+xabepeFur.4","action":"GetUpdates Response", "result":"Success", "context":Received 8 update(s). cV=WRW24y0UDUEw+xabepeFur.0;server=akswtt10700000j;cloudType=Multitenant;environment=Prod_japanwest_prod-s01-066-apac-japanwest;migrationStage=NotStarted}
{"logTime": "1117/044958", "correlationVector":"q54ZFC3XyZsjhGYeGYiT86","action":"Commit Request", "result":"", "context":Item count: 6
Contributing types: Sessions, Device Info, History}
{"logTime": "1117/044959", "correlationVector":"q54ZFC3XyZsjhGYeGYiT86.1","action":"SyncServerConnectionManagerRequest", "result":"SYNC_SERVER_OK", "context":{"environment":"Prod_japanwest_prod-s01-066-apac-japanwest", "migrationStage":"NotStarted", "server":"akswtt10700000m"}}
{"logTime": "1117/044959", "correlationVector":"q54ZFC3XyZsjhGYeGYiT86.3","action":"Commit.Sessions", "result":"Success", "context":{"id":"ea8b4a07-f67d-4ca7-83b4-3adeedc6b1e4", "isDeleted":"true", "size":"0", "version":"1763354920576"}}
{"logTime": "1117/044959", "correlationVector":"q54ZFC3XyZsjhGYeGYiT86.2","action":"Commit Response", "result":"Success", "context":Result: Success. cV=q54ZFC3XyZsjhGYeGYiT86.0;server=akswtt10700000m;cloudType=Multitenant;environment=Prod_japanwest_prod-s01-066-apac-japanwest;migrationStage=NotStarted}
{"logTime": "1117/045106", "correlationVector":"DJ+QwyBywdEsWbIdDmHg6V","action":"Commit Request", "result":"", "context":Item count: 7
Contributing types: Sessions, History}
{"logTime": "1117/045107", "correlationVector":"DJ+QwyBywdEsWbIdDmHg6V.1","action":"SyncServerConnectionManagerRequest", "result":"SYNC_SERVER_OK", "context":{"environment":"Prod_japaneast_prod-s01-061-apac-japaneast", "migrationStage":"NotStarted", "server":"akswtt107000002"}}
{"logTime": "1117/045107", "correlationVector":"DJ+QwyBywdEsWbIdDmHg6V.2","action":"Commit Response", "result":"Success", "context":Result: Success. cV=DJ+QwyBywdEsWbIdDmHg6V.0;server=akswtt107000002;cloudType=Multitenant;environment=Prod_japaneast_prod-s01-061-apac-japaneast;migrationStage=NotStarted}
{"logTime": "1117/045918", "correlationVector":"lVibVZ0tSx3XMuzvGqyUjM.1","action":"SyncServerConnectionManagerRequest", "result":"SYNC_SERVER_OK", "context":{"environment":"Prod_japaneast_prod-s01-061-apac-japaneast", "migrationStage":"NotStarted", "server":"akswtt10700000r"}}
{"logTime": "1117/045919", "correlationVector":"lVibVZ0tSx3XMuzvGqyUjM.2","action":"AAD.Mip.Unpack", "result":"Success", "context":MIP_CLOUD_COMMERCIAL:Success}
{"logTime": "1117/045919", "correlationVector":"lVibVZ0tSx3XMuzvGqyUjM.3","action":"EncryptionKeysManager::SetEncryptionKeys:", "result":"Success", "context":Key names[4]:[k4bg9FW0uDSlrXjO2g/fit/NdA3aSxA85Jskh0gQxWGTRyP7KJUnK216WndIoWk4ibNNlmgYA5+YD6lU2Ma2hg==][uLrGeqx+XstEyercTooXS/pYKNj/PJpAS4ervE8NQay7m26hixzRBc5oppXgU4cYX+6hjDl00O50GHbDGsUbPw==][JLOvMvQYC+2QUeC6eODoIP5O/Z8CBFjijFBllAA0wjJXZpjRTdeCAWZVR91DDkwYDszyUVS203/bwzjFII+iVw==][QpDi7vOE6BsKjGxCsMl/Aw2BPPGV7Sa2qClkFbKgXopEYPWgfdUqARh2gHT3OHzZ6DjhKpqZtYkwWgBU60vqiw==]}
{"logTime": "1117/045919", "correlationVector":"lVibVZ0tSx3XMuzvGqyUjM.4","action":"AAD.GetKeyResponse", "result":"Success", "context":Keys=4.LastKeyStatus=Active. 2025-09-01 11:07:08 +09.State=None. Tags: Current_encryption_keys_tag = UlDvv70+P++/vSF9ExRyBgnvv708VVkR77+977+9DE5s77+9Wh5yJHNcbGY=, Updated_current_encryption_keys_tag = Empty. Emails: ["ktq2390326@stu.o-hara.ac.jp"]}
{"logTime": "1117/045919", "correlationVector":"lVibVZ0tSx3XMuzvGqyUjM.5","action":"ProcessGetUpdates", "result":"Done", "context":{"dataType":"Encryption Keys", "deleted":"0", "process_failed_to_decrypt":"0", "process_pending_decryption":"0", "process_success":"1", "total":"1"}}
{"logTime": "1117/045919", "correlationVector":"lVibVZ0tSx3XMuzvGqyUjM","action":"Initial GetUpdates", "result":"", "context":Reason: NEW_CLIENT. cV=lVibVZ0tSx3XMuzvGqyUjM}
{"logTime": "1117/045919", "correlationVector":"lVibVZ0tSx3XMuzvGqyUjM.6","action":"GetUpdates Response", "result":"Success", "context":Received 1 update(s). cV=lVibVZ0tSx3XMuzvGqyUjM.0;server=akswtt10700000r;cloudType=Multitenant;environment=Prod_japaneast_prod-s01-061-apac-japaneast;migrationStage=NotStarted}
{"logTime": "1117/045919", "correlationVector":"IZxxNC1wtIZYgDiaIliBuE","action":"Initial GetUpdates", "result":"", "context":Reason: NEWLY_SUPPORTED_DATATYPE. cV=IZxxNC1wtIZYgDiaIliBuE}
{"logTime": "1117/045919", "correlationVector":"IZxxNC1wtIZYgDiaIliBuE.1","action":"SyncServerConnectionManagerRequest", "result":"SYNC_SERVER_OK", "context":{"environment":"Prod_japaneast_prod-s01-061-apac-japaneast", "migrationStage":"NotStarted", "server":"akswtt107000000"}}
{"logTime": "1117/045919", "correlationVector":"IZxxNC1wtIZYgDiaIliBuE.2","action":"ProcessGetUpdates", "result":"Done", "context":{"dataType":"Passwords", "deleted":"2", "process_failed_to_decrypt":"0", "process_pending_decryption":"0", "process_success":"71", "total":"71"}}
{"logTime": "1117/045919", "correlationVector":"IZxxNC1wtIZYgDiaIliBuE.3","action":"GetUpdates Response", "result":"Success", "context":Received 71 update(s). cV=IZxxNC1wtIZYgDiaIliBuE.0;server=akswtt107000000;cloudType=Multitenant;environment=Prod_japaneast_prod-s01-061-apac-japaneast;migrationStage=NotStarted}
{"logTime": "1117/045920", "correlationVector":"K/wqiwP/hR9nq5sSatnWqN","action":"Normal GetUpdate request", "result":"", "context":cV=K/wqiwP/hR9nq5sSatnWqN
Nudged types: Sessions, Device Info, History
Refresh requested types: Bookmarks, Preferences, Passwords, Autofill Profiles, Autofill, Extensions, Sessions, Extension settings, History Delete Directives, Device Info, User Consents, Send Tab To Self, Web Apps, History, Saved Tab Group, WebAuthn Credentials, Collection, Edge E Drop, Edge Hub App Usage, Edge Wallet, Encryption Keys}
{"logTime": "1117/045920", "correlationVector":"K/wqiwP/hR9nq5sSatnWqN.1","action":"SyncServerConnectionManagerRequest", "result":"SYNC_SERVER_OK", "context":{"environment":"Prod_japanwest_prod-s01-066-apac-japanwest", "migrationStage":"NotStarted", "server":"akswtt107000002"}}
{"logTime": "1117/045920", "correlationVector":"K/wqiwP/hR9nq5sSatnWqN.2","action":"ProcessGetUpdates", "result":"Done", "context":{"dataType":"Sessions", "deleted":"2", "process_failed_to_decrypt":"0", "process_pending_decryption":"0", "process_success":"5", "total":"5"}}
{"logTime": "1117/045920", "correlationVector":"K/wqiwP/hR9nq5sSatnWqN.3","action":"ProcessGetUpdates", "result":"Done", "context":{"dataType":"Device Info", "deleted":"0", "process_failed_to_decrypt":"0", "process_pending_decryption":"0", "process_success":"1", "total":"1"}}
{"logTime": "1117/045920", "correlationVector":"K/wqiwP/hR9nq5sSatnWqN.4","action":"ProcessGetUpdates", "result":"Done", "context":{"dataType":"History", "deleted":"0", "process_failed_to_decrypt":"0", "process_pending_decryption":"0", "process_success":"9", "total":"9"}}
{"logTime": "1117/045920", "correlationVector":"K/wqiwP/hR9nq5sSatnWqN.5","action":"GetUpdates Response", "result":"Success", "context":Received 15 update(s). cV=K/wqiwP/hR9nq5sSatnWqN.0;server=akswtt107000002;cloudType=Multitenant;environment=Prod_japanwest_prod-s01-066-apac-japanwest;migrationStage=NotStarted}
{"logTime": "1117/045920", "correlationVector":"DEhD0e8Z1+6ZXHQUABCEHN","action":"Commit Request", "result":"", "context":Item count: 1
Contributing types: History}
{"logTime": "1117/045920", "correlationVector":"DEhD0e8Z1+6ZXHQUABCEHN.1","action":"SyncServerConnectionManagerRequest", "result":"SYNC_SERVER_OK", "context":{"environment":"Prod_japaneast_prod-s01-061-apac-japaneast", "migrationStage":"NotStarted", "server":"akswtt10700000n"}}
{"logTime": "1117/045920", "correlationVector":"DEhD0e8Z1+6ZXHQUABCEHN.2","action":"Commit Response", "result":"Success", "context":Result: Success. cV=DEhD0e8Z1+6ZXHQUABCEHN.0;server=akswtt10700000n;cloudType=Multitenant;environment=Prod_japaneast_prod-s01-061-apac-japaneast;migrationStage=NotStarted}
{"logTime": "1117/050020", "correlationVector":"0lS3nU2x9smRV0+h56/d9S","action":"Commit Request", "result":"", "context":Item count: 4
Contributing types: Sessions, History}
{"logTime": "1117/050021", "correlationVector":"0lS3nU2x9smRV0+h56/d9S.1","action":"SyncServerConnectionManagerRequest", "result":"SYNC_SERVER_OK", "context":{"environment":"Prod_japaneast_prod-s01-061-apac-japaneast", "migrationStage":"NotStarted", "server":"akswtt107000000"}}
{"logTime": "1117/050021", "correlationVector":"0lS3nU2x9smRV0+h56/d9S.2","action":"Commit Response", "result":"Success", "context":Result: Success. cV=0lS3nU2x9smRV0+h56/d9S.0;server=akswtt107000000;cloudType=Multitenant;environment=Prod_japaneast_prod-s01-061-apac-japaneast;migrationStage=NotStarted}
{"logTime": "1117/050445", "correlationVector":"8EY7sGPR0yx+OxpnlqlCKm.1","action":"SyncServerConnectionManagerRequest", "result":"SYNC_SERVER_OK", "context":{"environment":"Prod_japaneast_prod-s01-061-apac-japaneast", "migrationStage":"NotStarted", "server":"akswtt10700000i"}}
{"logTime": "1117/050446", "correlationVector":"8EY7sGPR0yx+OxpnlqlCKm.2","action":"AAD.Mip.Unpack", "result":"Success", "context":MIP_CLOUD_COMMERCIAL:Success}
{"logTime": "1117/050446", "correlationVector":"8EY7sGPR0yx+OxpnlqlCKm.3","action":"EncryptionKeysManager::SetEncryptionKeys:", "result":"Success", "context":Key names[4]:[k4bg9FW0uDSlrXjO2g/fit/NdA3aSxA85Jskh0gQxWGTRyP7KJUnK216WndIoWk4ibNNlmgYA5+YD6lU2Ma2hg==][uLrGeqx+XstEyercTooXS/pYKNj/PJpAS4ervE8NQay7m26hixzRBc5oppXgU4cYX+6hjDl00O50GHbDGsUbPw==][JLOvMvQYC+2QUeC6eODoIP5O/Z8CBFjijFBllAA0wjJXZpjRTdeCAWZVR91DDkwYDszyUVS203/bwzjFII+iVw==][QpDi7vOE6BsKjGxCsMl/Aw2BPPGV7Sa2qClkFbKgXopEYPWgfdUqARh2gHT3OHzZ6DjhKpqZtYkwWgBU60vqiw==]}
{"logTime": "1117/050446", "correlationVector":"8EY7sGPR0yx+OxpnlqlCKm.4","action":"AAD.GetKeyResponse", "result":"Success", "context":Keys=4.LastKeyStatus=Active. 2025-09-01 11:07:08 +09.State=None. Tags: Current_encryption_keys_tag = UlDvv70+P++/vSF9ExRyBgnvv708VVkR77+977+9DE5s77+9Wh5yJHNcbGY=, Updated_current_encryption_keys_tag = Empty. Emails: ["ktq2390326@stu.o-hara.ac.jp"]}
{"logTime": "1117/050446", "correlationVector":"8EY7sGPR0yx+OxpnlqlCKm.5","action":"ProcessGetUpdates", "result":"Done", "context":{"dataType":"Encryption Keys", "deleted":"0", "process_failed_to_decrypt":"0", "process_pending_decryption":"0", "process_success":"1", "total":"1"}}
{"logTime": "1117/050446", "correlationVector":"8EY7sGPR0yx+OxpnlqlCKm","action":"Initial GetUpdates", "result":"", "context":Reason: NEW_CLIENT. cV=8EY7sGPR0yx+OxpnlqlCKm}
{"logTime": "1117/050446", "correlationVector":"8EY7sGPR0yx+OxpnlqlCKm.6","action":"GetUpdates Response", "result":"Success", "context":Received 1 update(s). cV=8EY7sGPR0yx+OxpnlqlCKm.0;server=akswtt10700000i;cloudType=Multitenant;environment=Prod_japaneast_prod-s01-061-apac-japaneast;migrationStage=NotStarted}
{"logTime": "1117/050446", "correlationVector":"xHC4VFa8jLUqHWpk7Njfux","action":"Initial GetUpdates", "result":"", "context":Reason: NEWLY_SUPPORTED_DATATYPE. cV=xHC4VFa8jLUqHWpk7Njfux}
{"logTime": "1117/050447", "correlationVector":"xHC4VFa8jLUqHWpk7Njfux.1","action":"SyncServerConnectionManagerRequest", "result":"SYNC_SERVER_OK", "context":{"environment":"Prod_japanwest_prod-s01-066-apac-japanwest", "migrationStage":"NotStarted", "server":"akswtt107000001"}}
{"logTime": "1117/050447", "correlationVector":"xHC4VFa8jLUqHWpk7Njfux.2","action":"ProcessGetUpdates", "result":"Done", "context":{"dataType":"Passwords", "deleted":"2", "process_failed_to_decrypt":"0", "process_pending_decryption":"0", "process_success":"71", "total":"71"}}
{"logTime": "1117/050447", "correlationVector":"xHC4VFa8jLUqHWpk7Njfux.3","action":"GetUpdates Response", "result":"Success", "context":Received 71 update(s). cV=xHC4VFa8jLUqHWpk7Njfux.0;server=akswtt107000001;cloudType=Multitenant;environment=Prod_japanwest_prod-s01-066-apac-japanwest;migrationStage=NotStarted}
{"logTime": "1117/050449", "correlationVector":"+7FCBjtlBl9/OcB3K1Q43F","action":"Normal GetUpdate request", "result":"", "context":cV=+7FCBjtlBl9/OcB3K1Q43F
Nudged types: Sessions, Device Info, History
Refresh requested types: Bookmarks, Preferences, Passwords, Autofill Profiles, Autofill, Extensions, Sessions, Extension settings, History Delete Directives, Device Info, User Consents, Send Tab To Self, Web Apps, History, Saved Tab Group, WebAuthn Credentials, Collection, Edge E Drop, Edge Hub App Usage, Edge Wallet, Encryption Keys}
{"logTime": "1117/050449", "correlationVector":"+7FCBjtlBl9/OcB3K1Q43F.1","action":"SyncServerConnectionManagerRequest", "result":"SYNC_SERVER_OK", "context":{"environment":"Prod_japaneast_prod-s01-061-apac-japaneast", "migrationStage":"NotStarted", "server":"akswtt10700000j"}}
{"logTime": "1117/050449", "correlationVector":"+7FCBjtlBl9/OcB3K1Q43F.2","action":"ProcessGetUpdates", "result":"Done", "context":{"dataType":"Preferences", "deleted":"0", "process_failed_to_decrypt":"0", "process_pending_decryption":"0", "process_success":"1", "total":"1"}}
{"logTime": "1117/050449", "correlationVector":"+7FCBjtlBl9/OcB3K1Q43F.3","action":"ProcessGetUpdates", "result":"Done", "context":{"dataType":"Sessions", "deleted":"0", "process_failed_to_decrypt":"0", "process_pending_decryption":"0", "process_success":"2", "total":"2"}}
{"logTime": "1117/050449", "correlationVector":"+7FCBjtlBl9/OcB3K1Q43F.4","action":"ProcessGetUpdates", "result":"Done", "context":{"dataType":"Device Info", "deleted":"0", "process_failed_to_decrypt":"0", "process_pending_decryption":"0", "process_success":"1", "total":"1"}}
{"logTime": "1117/050449", "correlationVector":"+7FCBjtlBl9/OcB3K1Q43F.5","action":"ProcessGetUpdates", "result":"Done", "context":{"dataType":"History", "deleted":"0", "process_failed_to_decrypt":"0", "process_pending_decryption":"0", "process_success":"2", "total":"2"}}
{"logTime": "1117/050449", "correlationVector":"+7FCBjtlBl9/OcB3K1Q43F.6","action":"GetUpdates Response", "result":"Success", "context":Received 6 update(s). cV=+7FCBjtlBl9/OcB3K1Q43F.0;server=akswtt10700000j;cloudType=Multitenant;environment=Prod_japaneast_prod-s01-061-apac-japaneast;migrationStage=NotStarted}
{"logTime": "1117/050449", "correlationVector":"sMq/P7RyTaM2Y315iJa7rs","action":"Commit Request", "result":"", "context":Item count: 7
Contributing types: Sessions, Device Info, History}
{"logTime": "1117/050450", "correlationVector":"sMq/P7RyTaM2Y315iJa7rs.1","action":"SyncServerConnectionManagerRequest", "result":"SYNC_SERVER_OK", "context":{"environment":"Prod_japaneast_prod-s01-061-apac-japaneast", "migrationStage":"NotStarted", "server":"akswtt107000010"}}
{"logTime": "1117/050450", "correlationVector":"sMq/P7RyTaM2Y315iJa7rs.2","action":"Commit Response", "result":"Success", "context":Result: Success. cV=sMq/P7RyTaM2Y315iJa7rs.0;server=akswtt107000010;cloudType=Multitenant;environment=Prod_japaneast_prod-s01-061-apac-japaneast;migrationStage=NotStarted}
{"logTime": "1117/050451", "correlationVector":"pHCkakfvyBMn39L7pc9zbj","action":"Normal GetUpdate request", "result":"", "context":cV=pHCkakfvyBMn39L7pc9zbj
Notified types: History}
{"logTime": "1117/050451", "correlationVector":"pHCkakfvyBMn39L7pc9zbj.1","action":"SyncServerConnectionManagerRequest", "result":"SYNC_SERVER_OK", "context":{"environment":"Prod_japanwest_prod-s01-066-apac-japanwest", "migrationStage":"NotStarted", "server":"akswtt10700000b"}}
{"logTime": "1117/050451", "correlationVector":"pHCkakfvyBMn39L7pc9zbj.2","action":"ProcessGetUpdates", "result":"Done", "context":{"dataType":"Sessions", "deleted":"0", "process_failed_to_decrypt":"0", "process_pending_decryption":"0", "process_success":"5", "total":"5"}}
{"logTime": "1117/050451", "correlationVector":"pHCkakfvyBMn39L7pc9zbj.3","action":"ProcessGetUpdates", "result":"Done", "context":{"dataType":"Device Info", "deleted":"0", "process_failed_to_decrypt":"0", "process_pending_decryption":"0", "process_success":"1", "total":"1"}}
{"logTime": "1117/050451", "correlationVector":"pHCkakfvyBMn39L7pc9zbj.4","action":"ProcessGetUpdates", "result":"Done", "context":{"dataType":"History", "deleted":"0", "process_failed_to_decrypt":"0", "process_pending_decryption":"0", "process_success":"4", "total":"4"}}
{"logTime": "1117/050451", "correlationVector":"pHCkakfvyBMn39L7pc9zbj.5","action":"GetUpdates Response", "result":"Success", "context":Received 10 update(s). cV=pHCkakfvyBMn39L7pc9zbj.0;server=akswtt10700000b;cloudType=Multitenant;environment=Prod_japanwest_prod-s01-066-apac-japanwest;migrationStage=NotStarted}
{"logTime": "1117/050556", "correlationVector":"Mc2XJ3+Nr2LKV7xLtzGdsK","action":"Commit Request", "result":"", "context":Item count: 2
Contributing types: Sessions}
{"logTime": "1117/050558", "correlationVector":"Mc2XJ3+Nr2LKV7xLtzGdsK.1","action":"SyncServerConnectionManagerRequest", "result":"SYNC_SERVER_OK", "context":{"environment":"Prod_japaneast_prod-s01-061-apac-japaneast", "migrationStage":"NotStarted", "server":"akswtt10700000w"}}
{"logTime": "1117/050558", "correlationVector":"Mc2XJ3+Nr2LKV7xLtzGdsK.3","action":"Commit.Sessions", "result":"Success", "context":{"id":"728e2ef0-c294-4d5f-9509-9c3aa77078bc", "isDeleted":"true", "size":"0", "version":"1763355889958"}}
{"logTime": "1117/050558", "correlationVector":"Mc2XJ3+Nr2LKV7xLtzGdsK.2","action":"Commit Response", "result":"Success", "context":Result: Success. cV=Mc2XJ3+Nr2LKV7xLtzGdsK.0;server=akswtt10700000w;cloudType=Multitenant;environment=Prod_japaneast_prod-s01-061-apac-japaneast;migrationStage=NotStarted}
{"logTime": "1117/050702", "correlationVector":"L/6hwCOQOUQnqA8MoLfY8P","action":"Commit Request", "result":"", "context":Item count: 5
Contributing types: Sessions, History}
{"logTime": "1117/050703", "correlationVector":"L/6hwCOQOUQnqA8MoLfY8P.1","action":"SyncServerConnectionManagerRequest", "result":"SYNC_SERVER_OK", "context":{"environment":"Prod_japaneast_prod-s01-061-apac-japaneast", "migrationStage":"NotStarted", "server":"akswtt107000008"}}
{"logTime": "1117/050703", "correlationVector":"L/6hwCOQOUQnqA8MoLfY8P.2","action":"Commit Response", "result":"Success", "context":Result: Success. cV=L/6hwCOQOUQnqA8MoLfY8P.0;server=akswtt107000008;cloudType=Multitenant;environment=Prod_japaneast_prod-s01-061-apac-japaneast;migrationStage=NotStarted}
{"logTime": "1117/050705", "correlationVector":"6/aGUqcXiNo0By2Tczl/NA","action":"Normal GetUpdate request", "result":"", "context":cV=6/aGUqcXiNo0By2Tczl/NA
Notified types: History}
{"logTime": "1117/050705", "correlationVector":"6/aGUqcXiNo0By2Tczl/NA.1","action":"SyncServerConnectionManagerRequest", "result":"SYNC_SERVER_OK", "context":{"environment":"Prod_japaneast_prod-s01-061-apac-japaneast", "migrationStage":"NotStarted", "server":"akswtt10700000z"}}
{"logTime": "1117/050705", "correlationVector":"6/aGUqcXiNo0By2Tczl/NA.2","action":"ProcessGetUpdates", "result":"Done", "context":{"dataType":"Sessions", "deleted":"1", "process_failed_to_decrypt":"0", "process_pending_decryption":"0", "process_success":"6", "total":"6"}}
{"logTime": "1117/050705", "correlationVector":"6/aGUqcXiNo0By2Tczl/NA.3","action":"ProcessGetUpdates", "result":"Done", "context":{"dataType":"History", "deleted":"0", "process_failed_to_decrypt":"0", "process_pending_decryption":"0", "process_success":"26", "total":"26"}}
{"logTime": "1117/050705", "correlationVector":"6/aGUqcXiNo0By2Tczl/NA.4","action":"GetUpdates Response", "result":"Success", "context":Received 32 update(s). cV=6/aGUqcXiNo0By2Tczl/NA.0;server=akswtt10700000z;cloudType=Multitenant;environment=Prod_japaneast_prod-s01-061-apac-japaneast;migrationStage=NotStarted}
{"logTime": "1117/050806", "correlationVector":"Rb4Y/dV+2h/TomrdnyVVwN","action":"Normal GetUpdate request", "result":"", "context":cV=Rb4Y/dV+2h/TomrdnyVVwN
Notified types: History}
{"logTime": "1117/050806", "correlationVector":"Rb4Y/dV+2h/TomrdnyVVwN.1","action":"SyncServerConnectionManagerRequest", "result":"SYNC_SERVER_OK", "context":{"environment":"Prod_japaneast_prod-s01-061-apac-japaneast", "migrationStage":"NotStarted", "server":"akswtt10700000m"}}
{"logTime": "1117/050806", "correlationVector":"Rb4Y/dV+2h/TomrdnyVVwN.2","action":"ProcessGetUpdates", "result":"Done", "context":{"dataType":"Sessions", "deleted":"1", "process_failed_to_decrypt":"0", "process_pending_decryption":"0", "process_success":"3", "total":"3"}}
{"logTime": "1117/050806", "correlationVector":"Rb4Y/dV+2h/TomrdnyVVwN.3","action":"ProcessGetUpdates", "result":"Done", "context":{"dataType":"History", "deleted":"0", "process_failed_to_decrypt":"0", "process_pending_decryption":"0", "process_success":"6", "total":"6"}}
{"logTime": "1117/050806", "correlationVector":"Rb4Y/dV+2h/TomrdnyVVwN.4","action":"GetUpdates Response", "result":"Success", "context":Received 9 update(s). cV=Rb4Y/dV+2h/TomrdnyVVwN.0;server=akswtt10700000m;cloudType=Multitenant;environment=Prod_japaneast_prod-s01-061-apac-japaneast;migrationStage=NotStarted}
{"logTime": "1117/053342", "correlationVector":"owYzAqYAy5O6orrqMfNBLs.1","action":"SyncServerConnectionManagerRequest", "result":"SYNC_SERVER_OK", "context":{"environment":"Prod_japanwest_prod-s01-066-apac-japanwest", "migrationStage":"NotStarted", "server":"akswtt10700000e"}}
{"logTime": "1117/053343", "correlationVector":"owYzAqYAy5O6orrqMfNBLs.2","action":"AAD.Mip.Unpack", "result":"Success", "context":MIP_CLOUD_COMMERCIAL:Success}
{"logTime": "1117/053343", "correlationVector":"owYzAqYAy5O6orrqMfNBLs.3","action":"EncryptionKeysManager::SetEncryptionKeys:", "result":"Success", "context":Key names[4]:[k4bg9FW0uDSlrXjO2g/fit/NdA3aSxA85Jskh0gQxWGTRyP7KJUnK216WndIoWk4ibNNlmgYA5+YD6lU2Ma2hg==][uLrGeqx+XstEyercTooXS/pYKNj/PJpAS4ervE8NQay7m26hixzRBc5oppXgU4cYX+6hjDl00O50GHbDGsUbPw==][JLOvMvQYC+2QUeC6eODoIP5O/Z8CBFjijFBllAA0wjJXZpjRTdeCAWZVR91DDkwYDszyUVS203/bwzjFII+iVw==][QpDi7vOE6BsKjGxCsMl/Aw2BPPGV7Sa2qClkFbKgXopEYPWgfdUqARh2gHT3OHzZ6DjhKpqZtYkwWgBU60vqiw==]}
{"logTime": "1117/053343", "correlationVector":"owYzAqYAy5O6orrqMfNBLs.4","action":"AAD.GetKeyResponse", "result":"Success", "context":Keys=4.LastKeyStatus=Active. 2025-09-01 11:07:08 +09.State=None. Tags: Current_encryption_keys_tag = UlDvv70+P++/vSF9ExRyBgnvv708VVkR77+977+9DE5s77+9Wh5yJHNcbGY=, Updated_current_encryption_keys_tag = Empty. Emails: ["ktq2390326@stu.o-hara.ac.jp"]}
{"logTime": "1117/053343", "correlationVector":"owYzAqYAy5O6orrqMfNBLs.5","action":"ProcessGetUpdates", "result":"Done", "context":{"dataType":"Encryption Keys", "deleted":"0", "process_failed_to_decrypt":"0", "process_pending_decryption":"0", "process_success":"1", "total":"1"}}
{"logTime": "1117/053343", "correlationVector":"owYzAqYAy5O6orrqMfNBLs","action":"Initial GetUpdates", "result":"", "context":Reason: NEW_CLIENT. cV=owYzAqYAy5O6orrqMfNBLs}
{"logTime": "1117/053343", "correlationVector":"owYzAqYAy5O6orrqMfNBLs.6","action":"GetUpdates Response", "result":"Success", "context":Received 1 update(s). cV=owYzAqYAy5O6orrqMfNBLs.0;server=akswtt10700000e;cloudType=Multitenant;environment=Prod_japanwest_prod-s01-066-apac-japanwest;migrationStage=NotStarted}
{"logTime": "1117/053343", "correlationVector":"r7lAJHzpvGNdmorioF5noD","action":"Initial GetUpdates", "result":"", "context":Reason: NEWLY_SUPPORTED_DATATYPE. cV=r7lAJHzpvGNdmorioF5noD}
{"logTime": "1117/053344", "correlationVector":"r7lAJHzpvGNdmorioF5noD.1","action":"SyncServerConnectionManagerRequest", "result":"SYNC_SERVER_OK", "context":{"environment":"Prod_japanwest_prod-s01-066-apac-japanwest", "migrationStage":"NotStarted", "server":"akswtt10700000s"}}
{"logTime": "1117/053344", "correlationVector":"r7lAJHzpvGNdmorioF5noD.2","action":"ProcessGetUpdates", "result":"Done", "context":{"dataType":"Passwords", "deleted":"2", "process_failed_to_decrypt":"0", "process_pending_decryption":"0", "process_success":"71", "total":"71"}}
{"logTime": "1117/053344", "correlationVector":"r7lAJHzpvGNdmorioF5noD.3","action":"GetUpdates Response", "result":"Success", "context":Received 71 update(s). cV=r7lAJHzpvGNdmorioF5noD.0;server=akswtt10700000s;cloudType=Multitenant;environment=Prod_japanwest_prod-s01-066-apac-japanwest;migrationStage=NotStarted}
{"logTime": "1117/053344", "correlationVector":"dMM/fzlMK0EmLPlYOLXT2/","action":"Normal GetUpdate request", "result":"", "context":cV=dMM/fzlMK0EmLPlYOLXT2/
Nudged types: Sessions, Device Info, History
Refresh requested types: Bookmarks, Preferences, Passwords, Autofill Profiles, Autofill, Extensions, Sessions, Extension settings, History Delete Directives, Device Info, User Consents, Send Tab To Self, Web Apps, History, Saved Tab Group, WebAuthn Credentials, Collection, Edge E Drop, Edge Hub App Usage, Edge Wallet, Encryption Keys}
{"logTime": "1117/053344", "correlationVector":"dMM/fzlMK0EmLPlYOLXT2/.1","action":"SyncServerConnectionManagerRequest", "result":"SYNC_SERVER_OK", "context":{"environment":"Prod_japanwest_prod-s01-066-apac-japanwest", "migrationStage":"NotStarted", "server":"akswtt107000004"}}
{"logTime": "1117/053344", "correlationVector":"dMM/fzlMK0EmLPlYOLXT2/.2","action":"ProcessGetUpdates", "result":"Done", "context":{"dataType":"Preferences", "deleted":"0", "process_failed_to_decrypt":"0", "process_pending_decryption":"0", "process_success":"1", "total":"1"}}
{"logTime": "1117/053344", "correlationVector":"dMM/fzlMK0EmLPlYOLXT2/.3","action":"ProcessGetUpdates", "result":"Done", "context":{"dataType":"Sessions", "deleted":"0", "process_failed_to_decrypt":"0", "process_pending_decryption":"0", "process_success":"5", "total":"5"}}
{"logTime": "1117/053344", "correlationVector":"dMM/fzlMK0EmLPlYOLXT2/.4","action":"ProcessGetUpdates", "result":"Done", "context":{"dataType":"Device Info", "deleted":"0", "process_failed_to_decrypt":"0", "process_pending_decryption":"0", "process_success":"1", "total":"1"}}
{"logTime": "1117/053344", "correlationVector":"dMM/fzlMK0EmLPlYOLXT2/.5","action":"ProcessGetUpdates", "result":"Done", "context":{"dataType":"History", "deleted":"0", "process_failed_to_decrypt":"0", "process_pending_decryption":"0", "process_success":"27", "total":"27"}}
{"logTime": "1117/053344", "correlationVector":"dMM/fzlMK0EmLPlYOLXT2/.6","action":"GetUpdates Response", "result":"Success", "context":Received 34 update(s). cV=dMM/fzlMK0EmLPlYOLXT2/.0;server=akswtt107000004;cloudType=Multitenant;environment=Prod_japanwest_prod-s01-066-apac-japanwest;migrationStage=NotStarted}
{"logTime": "1117/053344", "correlationVector":"N6r4gSRr16vZwtLbbgRsbG","action":"Commit Request", "result":"", "context":Item count: 6
Contributing types: Sessions, Device Info, History}
{"logTime": "1117/053345", "correlationVector":"N6r4gSRr16vZwtLbbgRsbG.1","action":"SyncServerConnectionManagerRequest", "result":"SYNC_SERVER_OK", "context":{"environment":"Prod_japanwest_prod-s01-066-apac-japanwest", "migrationStage":"NotStarted", "server":"akswtt10700000b"}}
{"logTime": "1117/053345", "correlationVector":"N6r4gSRr16vZwtLbbgRsbG.3","action":"Commit.Sessions", "result":"Success", "context":{"id":"68e24d3a-a526-40ab-b798-8e23f39c6ac7", "isDeleted":"true", "size":"0", "version":"1763356023218"}}
{"logTime": "1117/053345", "correlationVector":"N6r4gSRr16vZwtLbbgRsbG.2","action":"Commit Response", "result":"Success", "context":Result: Success. cV=N6r4gSRr16vZwtLbbgRsbG.0;server=akswtt10700000b;cloudType=Multitenant;environment=Prod_japanwest_prod-s01-066-apac-japanwest;migrationStage=NotStarted}
{"logTime": "1117/053454", "correlationVector":"RbUDdFtemzbqgRbOeVAw2O","action":"Normal GetUpdate request", "result":"", "context":cV=RbUDdFtemzbqgRbOeVAw2O
Nudged types: Sessions
Notified types: History}
{"logTime": "1117/053454", "correlationVector":"RbUDdFtemzbqgRbOeVAw2O.1","action":"SyncServerConnectionManagerRequest", "result":"SYNC_SERVER_OK", "context":{"environment":"Prod_japaneast_prod-s01-061-apac-japaneast", "migrationStage":"NotStarted", "server":"akswtt107000003"}}
{"logTime": "1117/053454", "correlationVector":"RbUDdFtemzbqgRbOeVAw2O.2","action":"ProcessGetUpdates", "result":"Done", "context":{"dataType":"Sessions", "deleted":"1", "process_failed_to_decrypt":"0", "process_pending_decryption":"0", "process_success":"4", "total":"4"}}
{"logTime": "1117/053454", "correlationVector":"RbUDdFtemzbqgRbOeVAw2O.3","action":"ProcessGetUpdates", "result":"Done", "context":{"dataType":"Device Info", "deleted":"0", "process_failed_to_decrypt":"0", "process_pending_decryption":"0", "process_success":"1", "total":"1"}}
{"logTime": "1117/053454", "correlationVector":"RbUDdFtemzbqgRbOeVAw2O.4","action":"ProcessGetUpdates", "result":"Done", "context":{"dataType":"History", "deleted":"0", "process_failed_to_decrypt":"0", "process_pending_decryption":"0", "process_success":"7", "total":"7"}}
{"logTime": "1117/053454", "correlationVector":"RbUDdFtemzbqgRbOeVAw2O.5","action":"GetUpdates Response", "result":"Success", "context":Received 12 update(s). cV=RbUDdFtemzbqgRbOeVAw2O.0;server=akswtt107000003;cloudType=Multitenant;environment=Prod_japaneast_prod-s01-061-apac-japaneast;migrationStage=NotStarted}
{"logTime": "1117/053454", "correlationVector":"hXrqrN6oF1gmNUcK0Rx6vo","action":"Commit Request", "result":"", "context":Item count: 1
Contributing types: Sessions}
{"logTime": "1117/053454", "correlationVector":"hXrqrN6oF1gmNUcK0Rx6vo.1","action":"SyncServerConnectionManagerRequest", "result":"SYNC_SERVER_OK", "context":{"environment":"Prod_japanwest_prod-s01-066-apac-japanwest", "migrationStage":"NotStarted", "server":"akswtt10700000o"}}
{"logTime": "1117/053454", "correlationVector":"hXrqrN6oF1gmNUcK0Rx6vo.2","action":"Commit Response", "result":"Success", "context":Result: Success. cV=hXrqrN6oF1gmNUcK0Rx6vo.0;server=akswtt10700000o;cloudType=Multitenant;environment=Prod_japanwest_prod-s01-066-apac-japanwest;migrationStage=NotStarted}
{"logTime": "1117/053910", "correlationVector":"mpIhXRQ+dOItjlj7o+js9/","action":"Normal GetUpdate request", "result":"", "context":cV=mpIhXRQ+dOItjlj7o+js9/
Notified types: History}
{"logTime": "1117/053910", "correlationVector":"mpIhXRQ+dOItjlj7o+js9/.1","action":"SyncServerConnectionManagerRequest", "result":"SYNC_SERVER_OK", "context":{"environment":"Prod_japanwest_prod-s01-066-apac-japanwest", "migrationStage":"NotStarted", "server":"akswtt107000008"}}
{"logTime": "1117/053910", "correlationVector":"mpIhXRQ+dOItjlj7o+js9/.2","action":"ProcessGetUpdates", "result":"Done", "context":{"dataType":"Sessions", "deleted":"0", "process_failed_to_decrypt":"0", "process_pending_decryption":"0", "process_success":"6", "total":"6"}}
{"logTime": "1117/053910", "correlationVector":"mpIhXRQ+dOItjlj7o+js9/.3","action":"ProcessGetUpdates", "result":"Done", "context":{"dataType":"History", "deleted":"0", "process_failed_to_decrypt":"0", "process_pending_decryption":"0", "process_success":"7", "total":"7"}}
{"logTime": "1117/053910", "correlationVector":"mpIhXRQ+dOItjlj7o+js9/.4","action":"GetUpdates Response", "result":"Success", "context":Received 13 update(s). cV=mpIhXRQ+dOItjlj7o+js9/.0;server=akswtt107000008;cloudType=Multitenant;environment=Prod_japanwest_prod-s01-066-apac-japanwest;migrationStage=NotStarted}
{"logTime": "1117/054018", "correlationVector":"tMP7Y2t2qTGko0SepNZ4/l","action":"Normal GetUpdate request", "result":"", "context":cV=tMP7Y2t2qTGko0SepNZ4/l
Notified types: History}
{"logTime": "1117/054018", "correlationVector":"tMP7Y2t2qTGko0SepNZ4/l.1","action":"SyncServerConnectionManagerRequest", "result":"SYNC_SERVER_OK", "context":{"environment":"Prod_japaneast_prod-s01-061-apac-japaneast", "migrationStage":"NotStarted", "server":"akswtt10700000i"}}
{"logTime": "1117/054018", "correlationVector":"tMP7Y2t2qTGko0SepNZ4/l.2","action":"ProcessGetUpdates", "result":"Done", "context":{"dataType":"Sessions", "deleted":"0", "process_failed_to_decrypt":"0", "process_pending_decryption":"0", "process_success":"4", "total":"4"}}
{"logTime": "1117/054018", "correlationVector":"tMP7Y2t2qTGko0SepNZ4/l.3","action":"ProcessGetUpdates", "result":"Done", "context":{"dataType":"History", "deleted":"0", "process_failed_to_decrypt":"0", "process_pending_decryption":"0", "process_success":"4", "total":"4"}}
{"logTime": "1117/054018", "correlationVector":"tMP7Y2t2qTGko0SepNZ4/l.4","action":"GetUpdates Response", "result":"Success", "context":Received 8 update(s). cV=tMP7Y2t2qTGko0SepNZ4/l.0;server=akswtt10700000i;cloudType=Multitenant;environment=Prod_japaneast_prod-s01-061-apac-japaneast;migrationStage=NotStarted}
{"logTime": "1117/054344", "correlationVector":"zzjeSS/xcJDa5WA46Rtara.1","action":"SyncServerConnectionManagerRequest", "result":"SYNC_SERVER_OK", "context":{"environment":"Prod_japaneast_prod-s01-061-apac-japaneast", "migrationStage":"NotStarted", "server":"akswtt10700000c"}}
{"logTime": "1117/054345", "correlationVector":"zzjeSS/xcJDa5WA46Rtara.2","action":"AAD.Mip.Unpack", "result":"Success", "context":MIP_CLOUD_COMMERCIAL:Success}
{"logTime": "1117/054345", "correlationVector":"zzjeSS/xcJDa5WA46Rtara.3","action":"EncryptionKeysManager::SetEncryptionKeys:", "result":"Success", "context":Key names[4]:[k4bg9FW0uDSlrXjO2g/fit/NdA3aSxA85Jskh0gQxWGTRyP7KJUnK216WndIoWk4ibNNlmgYA5+YD6lU2Ma2hg==][uLrGeqx+XstEyercTooXS/pYKNj/PJpAS4ervE8NQay7m26hixzRBc5oppXgU4cYX+6hjDl00O50GHbDGsUbPw==][JLOvMvQYC+2QUeC6eODoIP5O/Z8CBFjijFBllAA0wjJXZpjRTdeCAWZVR91DDkwYDszyUVS203/bwzjFII+iVw==][QpDi7vOE6BsKjGxCsMl/Aw2BPPGV7Sa2qClkFbKgXopEYPWgfdUqARh2gHT3OHzZ6DjhKpqZtYkwWgBU60vqiw==]}
{"logTime": "1117/054345", "correlationVector":"zzjeSS/xcJDa5WA46Rtara.4","action":"AAD.GetKeyResponse", "result":"Success", "context":Keys=4.LastKeyStatus=Active. 2025-09-01 11:07:08 +09.State=None. Tags: Current_encryption_keys_tag = UlDvv70+P++/vSF9ExRyBgnvv708VVkR77+977+9DE5s77+9Wh5yJHNcbGY=, Updated_current_encryption_keys_tag = Empty. Emails: ["ktq2390326@stu.o-hara.ac.jp"]}
{"logTime": "1117/054345", "correlationVector":"zzjeSS/xcJDa5WA46Rtara.5","action":"ProcessGetUpdates", "result":"Done", "context":{"dataType":"Encryption Keys", "deleted":"0", "process_failed_to_decrypt":"0", "process_pending_decryption":"0", "process_success":"1", "total":"1"}}
{"logTime": "1117/054346", "correlationVector":"zzjeSS/xcJDa5WA46Rtara","action":"Initial GetUpdates", "result":"", "context":Reason: NEW_CLIENT. cV=zzjeSS/xcJDa5WA46Rtara}
{"logTime": "1117/054346", "correlationVector":"zzjeSS/xcJDa5WA46Rtara.6","action":"GetUpdates Response", "result":"Success", "context":Received 1 update(s). cV=zzjeSS/xcJDa5WA46Rtara.0;server=akswtt10700000c;cloudType=Multitenant;environment=Prod_japaneast_prod-s01-061-apac-japaneast;migrationStage=NotStarted}
{"logTime": "1117/054346", "correlationVector":"0dXFeKAmlurOAvt1GjeVgg","action":"Initial GetUpdates", "result":"", "context":Reason: NEWLY_SUPPORTED_DATATYPE. cV=0dXFeKAmlurOAvt1GjeVgg}
{"logTime": "1117/054346", "correlationVector":"0dXFeKAmlurOAvt1GjeVgg.1","action":"SyncServerConnectionManagerRequest", "result":"SYNC_SERVER_OK", "context":{"environment":"Prod_japanwest_prod-s01-066-apac-japanwest", "migrationStage":"NotStarted", "server":"akswtt10700000r"}}
{"logTime": "1117/054346", "correlationVector":"0dXFeKAmlurOAvt1GjeVgg.2","action":"ProcessGetUpdates", "result":"Done", "context":{"dataType":"Passwords", "deleted":"2", "process_failed_to_decrypt":"0", "process_pending_decryption":"0", "process_success":"71", "total":"71"}}
{"logTime": "1117/054346", "correlationVector":"0dXFeKAmlurOAvt1GjeVgg.3","action":"GetUpdates Response", "result":"Success", "context":Received 71 update(s). cV=0dXFeKAmlurOAvt1GjeVgg.0;server=akswtt10700000r;cloudType=Multitenant;environment=Prod_japanwest_prod-s01-066-apac-japanwest;migrationStage=NotStarted}
{"logTime": "1117/054347", "correlationVector":"dgieRnEH3Ly7R/8umob3Uf","action":"Normal GetUpdate request", "result":"", "context":cV=dgieRnEH3Ly7R/8umob3Uf
Nudged types: Sessions, Device Info, History
Refresh requested types: Bookmarks, Preferences, Passwords, Autofill Profiles, Autofill, Extensions, Sessions, Extension settings, History Delete Directives, Device Info, User Consents, Send Tab To Self, Web Apps, History, Saved Tab Group, WebAuthn Credentials, Collection, Edge E Drop, Edge Hub App Usage, Edge Wallet, Encryption Keys}
{"logTime": "1117/054347", "correlationVector":"dgieRnEH3Ly7R/8umob3Uf.1","action":"SyncServerConnectionManagerRequest", "result":"SYNC_SERVER_OK", "context":{"environment":"Prod_japaneast_prod-s01-061-apac-japaneast", "migrationStage":"NotStarted", "server":"akswtt10700000o"}}
{"logTime": "1117/054347", "correlationVector":"dgieRnEH3Ly7R/8umob3Uf.2","action":"GetUpdates Response", "result":"Success", "context":Received 0 update(s). cV=dgieRnEH3Ly7R/8umob3Uf.0;server=akswtt10700000o;cloudType=Multitenant;environment=Prod_japaneast_prod-s01-061-apac-japaneast;migrationStage=NotStarted}
{"logTime": "1117/054347", "correlationVector":"cQc9nmvWi58UzpLySqb6QG","action":"Commit Request", "result":"", "context":Item count: 7
Contributing types: Sessions, Device Info, History}
{"logTime": "1117/054348", "correlationVector":"cQc9nmvWi58UzpLySqb6QG.1","action":"SyncServerConnectionManagerRequest", "result":"SYNC_SERVER_OK", "context":{"environment":"Prod_japaneast_prod-s01-061-apac-japaneast", "migrationStage":"NotStarted", "server":"akswtt10700000b"}}
{"logTime": "1117/054348", "correlationVector":"cQc9nmvWi58UzpLySqb6QG.2","action":"Commit Response", "result":"Success", "context":Result: Success. cV=cQc9nmvWi58UzpLySqb6QG.0;server=akswtt10700000b;cloudType=Multitenant;environment=Prod_japaneast_prod-s01-061-apac-japaneast;migrationStage=NotStarted}
{"logTime": "1117/054455", "correlationVector":"73dIifVuJbDOt4vdwydgJG","action":"Commit Request", "result":"", "context":Item count: 3
Contributing types: Sessions, History}
{"logTime": "1117/054455", "correlationVector":"73dIifVuJbDOt4vdwydgJG.1","action":"SyncServerConnectionManagerRequest", "result":"SYNC_SERVER_OK", "context":{"environment":"Prod_japaneast_prod-s01-061-apac-japaneast", "migrationStage":"NotStarted", "server":"akswtt10700000x"}}
{"logTime": "1117/054455", "correlationVector":"73dIifVuJbDOt4vdwydgJG.3","action":"Commit.Sessions", "result":"Success", "context":{"id":"1c691ebe-64b5-4769-809e-2e68a1995684", "isDeleted":"true", "size":"0", "version":"1763358228514"}}
{"logTime": "1117/054455", "correlationVector":"73dIifVuJbDOt4vdwydgJG.2","action":"Commit Response", "result":"Success", "context":Result: Success. cV=73dIifVuJbDOt4vdwydgJG.0;server=akswtt10700000x;cloudType=Multitenant;environment=Prod_japaneast_prod-s01-061-apac-japaneast;migrationStage=NotStarted}
{"logTime": "1117/054629", "correlationVector":"Lx4/mDeMxomf1B4qYbA/19","action":"Commit Request", "result":"", "context":Item count: 3
Contributing types: Sessions, History}
{"logTime": "1117/054630", "correlationVector":"Lx4/mDeMxomf1B4qYbA/19.1","action":"SyncServerConnectionManagerRequest", "result":"SYNC_SERVER_OK", "context":{"environment":"Prod_japaneast_prod-s01-061-apac-japaneast", "migrationStage":"NotStarted", "server":"akswtt10700000g"}}
{"logTime": "1117/054630", "correlationVector":"Lx4/mDeMxomf1B4qYbA/19.2","action":"Commit Response", "result":"Success", "context":Result: Success. cV=Lx4/mDeMxomf1B4qYbA/19.0;server=akswtt10700000g;cloudType=Multitenant;environment=Prod_japaneast_prod-s01-061-apac-japaneast;migrationStage=NotStarted}
{"logTime": "1117/054631", "correlationVector":"cY/GZxw4UJ0VxCWQL1Zd7J","action":"Normal GetUpdate request", "result":"", "context":cV=cY/GZxw4UJ0VxCWQL1Zd7J
Notified types: History}
{"logTime": "1117/054631", "correlationVector":"cY/GZxw4UJ0VxCWQL1Zd7J.1","action":"SyncServerConnectionManagerRequest", "result":"SYNC_SERVER_OK", "context":{"environment":"Prod_japaneast_prod-s01-061-apac-japaneast", "migrationStage":"NotStarted", "server":"akswtt10700000f"}}
{"logTime": "1117/054631", "correlationVector":"cY/GZxw4UJ0VxCWQL1Zd7J.2","action":"ProcessGetUpdates", "result":"Done", "context":{"dataType":"Sessions", "deleted":"2", "process_failed_to_decrypt":"0", "process_pending_decryption":"0", "process_success":"6", "total":"6"}}
{"logTime": "1117/054631", "correlationVector":"cY/GZxw4UJ0VxCWQL1Zd7J.3","action":"ProcessGetUpdates", "result":"Done", "context":{"dataType":"Device Info", "deleted":"0", "process_failed_to_decrypt":"0", "process_pending_decryption":"0", "process_success":"1", "total":"1"}}
{"logTime": "1117/054631", "correlationVector":"cY/GZxw4UJ0VxCWQL1Zd7J.4","action":"ProcessGetUpdates", "result":"Done", "context":{"dataType":"History", "deleted":"0", "process_failed_to_decrypt":"0", "process_pending_decryption":"0", "process_success":"5", "total":"5"}}
{"logTime": "1117/054631", "correlationVector":"cY/GZxw4UJ0VxCWQL1Zd7J.5","action":"GetUpdates Response", "result":"Success", "context":Received 12 update(s). cV=cY/GZxw4UJ0VxCWQL1Zd7J.0;server=akswtt10700000f;cloudType=Multitenant;environment=Prod_japaneast_prod-s01-061-apac-japaneast;migrationStage=NotStarted}
{"logTime": "1117/054732", "correlationVector":"kgBYow/cOCuOfE6Oa0r1Sk","action":"Normal GetUpdate request", "result":"", "context":cV=kgBYow/cOCuOfE6Oa0r1Sk
Notified types: History}
{"logTime": "1117/054732", "correlationVector":"kgBYow/cOCuOfE6Oa0r1Sk.1","action":"SyncServerConnectionManagerRequest", "result":"SYNC_SERVER_OK", "context":{"environment":"Prod_japaneast_prod-s01-061-apac-japaneast", "migrationStage":"NotStarted", "server":"akswtt107000010"}}
{"logTime": "1117/054732", "correlationVector":"kgBYow/cOCuOfE6Oa0r1Sk.2","action":"ProcessGetUpdates", "result":"Done", "context":{"dataType":"Sessions", "deleted":"0", "process_failed_to_decrypt":"0", "process_pending_decryption":"0", "process_success":"3", "total":"3"}}
{"logTime": "1117/054732", "correlationVector":"kgBYow/cOCuOfE6Oa0r1Sk.3","action":"ProcessGetUpdates", "result":"Done", "context":{"dataType":"History", "deleted":"0", "process_failed_to_decrypt":"0", "process_pending_decryption":"0", "process_success":"6", "total":"6"}}
{"logTime": "1117/054732", "correlationVector":"kgBYow/cOCuOfE6Oa0r1Sk.4","action":"GetUpdates Response", "result":"Success", "context":Received 9 update(s). cV=kgBYow/cOCuOfE6Oa0r1Sk.0;server=akswtt107000010;cloudType=Multitenant;environment=Prod_japaneast_prod-s01-061-apac-japaneast;migrationStage=NotStarted}
{"logTime": "1117/055310", "correlationVector":"MAW2JpG5KuwmacYGrjQ/5W.1","action":"SyncServerConnectionManagerRequest", "result":"SYNC_SERVER_OK", "context":{"environment":"Prod_japanwest_prod-s01-066-apac-japanwest", "migrationStage":"NotStarted", "server":"akswtt10700000d"}}
{"logTime": "1117/055311", "correlationVector":"MAW2JpG5KuwmacYGrjQ/5W.2","action":"AAD.Mip.Unpack", "result":"Success", "context":MIP_CLOUD_COMMERCIAL:Success}
{"logTime": "1117/055311", "correlationVector":"MAW2JpG5KuwmacYGrjQ/5W.3","action":"EncryptionKeysManager::SetEncryptionKeys:", "result":"Success", "context":Key names[4]:[k4bg9FW0uDSlrXjO2g/fit/NdA3aSxA85Jskh0gQxWGTRyP7KJUnK216WndIoWk4ibNNlmgYA5+YD6lU2Ma2hg==][uLrGeqx+XstEyercTooXS/pYKNj/PJpAS4ervE8NQay7m26hixzRBc5oppXgU4cYX+6hjDl00O50GHbDGsUbPw==][JLOvMvQYC+2QUeC6eODoIP5O/Z8CBFjijFBllAA0wjJXZpjRTdeCAWZVR91DDkwYDszyUVS203/bwzjFII+iVw==][QpDi7vOE6BsKjGxCsMl/Aw2BPPGV7Sa2qClkFbKgXopEYPWgfdUqARh2gHT3OHzZ6DjhKpqZtYkwWgBU60vqiw==]}
{"logTime": "1117/055311", "correlationVector":"MAW2JpG5KuwmacYGrjQ/5W.4","action":"AAD.GetKeyResponse", "result":"Success", "context":Keys=4.LastKeyStatus=Active. 2025-09-01 11:07:08 +09.State=None. Tags: Current_encryption_keys_tag = UlDvv70+P++/vSF9ExRyBgnvv708VVkR77+977+9DE5s77+9Wh5yJHNcbGY=, Updated_current_encryption_keys_tag = Empty. Emails: ["ktq2390326@stu.o-hara.ac.jp"]}
{"logTime": "1117/055311", "correlationVector":"MAW2JpG5KuwmacYGrjQ/5W.5","action":"ProcessGetUpdates", "result":"Done", "context":{"dataType":"Encryption Keys", "deleted":"0", "process_failed_to_decrypt":"0", "process_pending_decryption":"0", "process_success":"1", "total":"1"}}
{"logTime": "1117/055311", "correlationVector":"MAW2JpG5KuwmacYGrjQ/5W","action":"Initial GetUpdates", "result":"", "context":Reason: NEW_CLIENT. cV=MAW2JpG5KuwmacYGrjQ/5W}
{"logTime": "1117/055311", "correlationVector":"MAW2JpG5KuwmacYGrjQ/5W.6","action":"GetUpdates Response", "result":"Success", "context":Received 1 update(s). cV=MAW2JpG5KuwmacYGrjQ/5W.0;server=akswtt10700000d;cloudType=Multitenant;environment=Prod_japanwest_prod-s01-066-apac-japanwest;migrationStage=NotStarted}
{"logTime": "1117/055311", "correlationVector":"tyutDo4J1gerxjguVqLjGM","action":"Initial GetUpdates", "result":"", "context":Reason: NEWLY_SUPPORTED_DATATYPE. cV=tyutDo4J1gerxjguVqLjGM}
{"logTime": "1117/055311", "correlationVector":"tyutDo4J1gerxjguVqLjGM.1","action":"SyncServerConnectionManagerRequest", "result":"SYNC_SERVER_OK", "context":{"environment":"Prod_japaneast_prod-s01-061-apac-japaneast", "migrationStage":"NotStarted", "server":"akswtt107000004"}}
{"logTime": "1117/055312", "correlationVector":"tyutDo4J1gerxjguVqLjGM.2","action":"ProcessGetUpdates", "result":"Done", "context":{"dataType":"Passwords", "deleted":"2", "process_failed_to_decrypt":"0", "process_pending_decryption":"0", "process_success":"71", "total":"71"}}
{"logTime": "1117/055312", "correlationVector":"tyutDo4J1gerxjguVqLjGM.3","action":"GetUpdates Response", "result":"Success", "context":Received 71 update(s). cV=tyutDo4J1gerxjguVqLjGM.0;server=akswtt107000004;cloudType=Multitenant;environment=Prod_japaneast_prod-s01-061-apac-japaneast;migrationStage=NotStarted}
{"logTime": "1117/055312", "correlationVector":"Dri7BnSszvgmWByuIyAvZR","action":"Normal GetUpdate request", "result":"", "context":cV=Dri7BnSszvgmWByuIyAvZR
Nudged types: Sessions, Device Info, History
Refresh requested types: Bookmarks, Preferences, Passwords, Autofill Profiles, Autofill, Extensions, Sessions, Extension settings, History Delete Directives, Device Info, User Consents, Send Tab To Self, Web Apps, History, Saved Tab Group, WebAuthn Credentials, Collection, Edge E Drop, Edge Hub App Usage, Edge Wallet, Encryption Keys}
{"logTime": "1117/055312", "correlationVector":"Dri7BnSszvgmWByuIyAvZR.1","action":"SyncServerConnectionManagerRequest", "result":"SYNC_SERVER_OK", "context":{"environment":"Prod_japaneast_prod-s01-061-apac-japaneast", "migrationStage":"NotStarted", "server":"akswtt10700000f"}}
{"logTime": "1117/055312", "correlationVector":"Dri7BnSszvgmWByuIyAvZR.2","action":"ProcessGetUpdates", "result":"Done", "context":{"dataType":"Sessions", "deleted":"0", "process_failed_to_decrypt":"0", "process_pending_decryption":"0", "process_success":"2", "total":"2"}}
{"logTime": "1117/055312", "correlationVector":"Dri7BnSszvgmWByuIyAvZR.3","action":"GetUpdates Response", "result":"Success", "context":Received 2 update(s). cV=Dri7BnSszvgmWByuIyAvZR.0;server=akswtt10700000f;cloudType=Multitenant;environment=Prod_japaneast_prod-s01-061-apac-japaneast;migrationStage=NotStarted}
{"logTime": "1117/055312", "correlationVector":"Uwyhu5+/iTWPzLqG1aTUOT","action":"Commit Request", "result":"", "context":Item count: 6
Contributing types: Sessions, Device Info, History}
{"logTime": "1117/055313", "correlationVector":"Uwyhu5+/iTWPzLqG1aTUOT.1","action":"SyncServerConnectionManagerRequest", "result":"SYNC_SERVER_OK", "context":{"environment":"Prod_japaneast_prod-s01-061-apac-japaneast", "migrationStage":"NotStarted", "server":"akswtt107000004"}}
{"logTime": "1117/055313", "correlationVector":"Uwyhu5+/iTWPzLqG1aTUOT.3","action":"Commit.Sessions", "result":"Success", "context":{"id":"87e61ba8-1308-4e6e-bba6-85a7aeb7b0d4", "isDeleted":"true", "size":"0", "version":"1763358390291"}}
{"logTime": "1117/055313", "correlationVector":"Uwyhu5+/iTWPzLqG1aTUOT.2","action":"Commit Response", "result":"Success", "context":Result: Success. cV=Uwyhu5+/iTWPzLqG1aTUOT.0;server=akswtt107000004;cloudType=Multitenant;environment=Prod_japaneast_prod-s01-061-apac-japaneast;migrationStage=NotStarted}
{"logTime": "1117/055419", "correlationVector":"fRUZ+Gsbv1wUNOLZ+5of1p","action":"Commit Request", "result":"", "context":Item count: 2
Contributing types: Sessions, History}
{"logTime": "1117/055419", "correlationVector":"fRUZ+Gsbv1wUNOLZ+5of1p.1","action":"SyncServerConnectionManagerRequest", "result":"SYNC_SERVER_OK", "context":{"environment":"Prod_japaneast_prod-s01-061-apac-japaneast", "migrationStage":"NotStarted", "server":"akswtt10700000i"}}
{"logTime": "1117/055419", "correlationVector":"fRUZ+Gsbv1wUNOLZ+5of1p.2","action":"Commit Response", "result":"Success", "context":Result: Success. cV=fRUZ+Gsbv1wUNOLZ+5of1p.0;server=akswtt10700000i;cloudType=Multitenant;environment=Prod_japaneast_prod-s01-061-apac-japaneast;migrationStage=NotStarted}
{"logTime": "1117/055619", "correlationVector":"heZuXZMNTZMh0Dz4zr1Xj4.1","action":"SyncServerConnectionManagerRequest", "result":"SYNC_SERVER_OK", "context":{"environment":"Prod_japaneast_prod-s01-061-apac-japaneast", "migrationStage":"NotStarted", "server":"akswtt10700000n"}}
{"logTime": "1117/055620", "correlationVector":"heZuXZMNTZMh0Dz4zr1Xj4.2","action":"AAD.Mip.Unpack", "result":"Success", "context":MIP_CLOUD_COMMERCIAL:Success}
{"logTime": "1117/055620", "correlationVector":"heZuXZMNTZMh0Dz4zr1Xj4.3","action":"EncryptionKeysManager::SetEncryptionKeys:", "result":"Success", "context":Key names[4]:[k4bg9FW0uDSlrXjO2g/fit/NdA3aSxA85Jskh0gQxWGTRyP7KJUnK216WndIoWk4ibNNlmgYA5+YD6lU2Ma2hg==][uLrGeqx+XstEyercTooXS/pYKNj/PJpAS4ervE8NQay7m26hixzRBc5oppXgU4cYX+6hjDl00O50GHbDGsUbPw==][JLOvMvQYC+2QUeC6eODoIP5O/Z8CBFjijFBllAA0wjJXZpjRTdeCAWZVR91DDkwYDszyUVS203/bwzjFII+iVw==][QpDi7vOE6BsKjGxCsMl/Aw2BPPGV7Sa2qClkFbKgXopEYPWgfdUqARh2gHT3OHzZ6DjhKpqZtYkwWgBU60vqiw==]}
{"logTime": "1117/055620", "correlationVector":"heZuXZMNTZMh0Dz4zr1Xj4.4","action":"AAD.GetKeyResponse", "result":"Success", "context":Keys=4.LastKeyStatus=Active. 2025-09-01 11:07:08 +09.State=None. Tags: Current_encryption_keys_tag = UlDvv70+P++/vSF9ExRyBgnvv708VVkR77+977+9DE5s77+9Wh5yJHNcbGY=, Updated_current_encryption_keys_tag = Empty. Emails: ["ktq2390326@stu.o-hara.ac.jp"]}
{"logTime": "1117/055620", "correlationVector":"heZuXZMNTZMh0Dz4zr1Xj4.5","action":"ProcessGetUpdates", "result":"Done", "context":{"dataType":"Encryption Keys", "deleted":"0", "process_failed_to_decrypt":"0", "process_pending_decryption":"0", "process_success":"1", "total":"1"}}
{"logTime": "1117/055620", "correlationVector":"heZuXZMNTZMh0Dz4zr1Xj4","action":"Initial GetUpdates", "result":"", "context":Reason: NEW_CLIENT. cV=heZuXZMNTZMh0Dz4zr1Xj4}
{"logTime": "1117/055620", "correlationVector":"heZuXZMNTZMh0Dz4zr1Xj4.6","action":"GetUpdates Response", "result":"Success", "context":Received 1 update(s). cV=heZuXZMNTZMh0Dz4zr1Xj4.0;server=akswtt10700000n;cloudType=Multitenant;environment=Prod_japaneast_prod-s01-061-apac-japaneast;migrationStage=NotStarted}
{"logTime": "1117/055620", "correlationVector":"4CHS2oZzyvQZObsjHO3kjd","action":"Initial GetUpdates", "result":"", "context":Reason: NEWLY_SUPPORTED_DATATYPE. cV=4CHS2oZzyvQZObsjHO3kjd}
{"logTime": "1117/055620", "correlationVector":"4CHS2oZzyvQZObsjHO3kjd.1","action":"SyncServerConnectionManagerRequest", "result":"SYNC_SERVER_OK", "context":{"environment":"Prod_japaneast_prod-s01-061-apac-japaneast", "migrationStage":"NotStarted", "server":"akswtt10700000d"}}
{"logTime": "1117/055620", "correlationVector":"4CHS2oZzyvQZObsjHO3kjd.2","action":"ProcessGetUpdates", "result":"Done", "context":{"dataType":"Passwords", "deleted":"2", "process_failed_to_decrypt":"0", "process_pending_decryption":"0", "process_success":"71", "total":"71"}}
{"logTime": "1117/055620", "correlationVector":"4CHS2oZzyvQZObsjHO3kjd.3","action":"GetUpdates Response", "result":"Success", "context":Received 71 update(s). cV=4CHS2oZzyvQZObsjHO3kjd.0;server=akswtt10700000d;cloudType=Multitenant;environment=Prod_japaneast_prod-s01-061-apac-japaneast;migrationStage=NotStarted}
{"logTime": "1117/055621", "correlationVector":"kzIFv/Y1VAwUW0gHu0BO9C","action":"Normal GetUpdate request", "result":"", "context":cV=kzIFv/Y1VAwUW0gHu0BO9C
Nudged types: Sessions, Device Info, History
Refresh requested types: Bookmarks, Preferences, Passwords, Autofill Profiles, Autofill, Extensions, Sessions, Extension settings, History Delete Directives, Device Info, User Consents, Send Tab To Self, Web Apps, History, Saved Tab Group, WebAuthn Credentials, Collection, Edge E Drop, Edge Hub App Usage, Edge Wallet, Encryption Keys}
{"logTime": "1117/055621", "correlationVector":"kzIFv/Y1VAwUW0gHu0BO9C.1","action":"SyncServerConnectionManagerRequest", "result":"SYNC_SERVER_OK", "context":{"environment":"Prod_japaneast_prod-s01-061-apac-japaneast", "migrationStage":"NotStarted", "server":"akswtt10700000y"}}
{"logTime": "1117/055621", "correlationVector":"kzIFv/Y1VAwUW0gHu0BO9C.2","action":"ProcessGetUpdates", "result":"Done", "context":{"dataType":"Sessions", "deleted":"1", "process_failed_to_decrypt":"0", "process_pending_decryption":"0", "process_success":"3", "total":"3"}}
{"logTime": "1117/055621", "correlationVector":"kzIFv/Y1VAwUW0gHu0BO9C.3","action":"ProcessGetUpdates", "result":"Done", "context":{"dataType":"Device Info", "deleted":"0", "process_failed_to_decrypt":"0", "process_pending_decryption":"0", "process_success":"1", "total":"1"}}
{"logTime": "1117/055621", "correlationVector":"kzIFv/Y1VAwUW0gHu0BO9C.4","action":"ProcessGetUpdates", "result":"Done", "context":{"dataType":"History", "deleted":"0", "process_failed_to_decrypt":"0", "process_pending_decryption":"0", "process_success":"2", "total":"2"}}
{"logTime": "1117/055621", "correlationVector":"kzIFv/Y1VAwUW0gHu0BO9C.5","action":"GetUpdates Response", "result":"Success", "context":Received 6 update(s). cV=kzIFv/Y1VAwUW0gHu0BO9C.0;server=akswtt10700000y;cloudType=Multitenant;environment=Prod_japaneast_prod-s01-061-apac-japaneast;migrationStage=NotStarted}
{"logTime": "1117/055621", "correlationVector":"kdVVO3BgnUTfFB0iURBcpa","action":"Commit Request", "result":"", "context":Item count: 6
Contributing types: Sessions, Device Info, History}
{"logTime": "1117/055622", "correlationVector":"kdVVO3BgnUTfFB0iURBcpa.1","action":"SyncServerConnectionManagerRequest", "result":"SYNC_SERVER_OK", "context":{"environment":"Prod_southeastasia_prod-s01-064-apac-southeastasia", "migrationStage":"NotStarted", "server":"akswtt107000003"}}
{"logTime": "1117/055622", "correlationVector":"kdVVO3BgnUTfFB0iURBcpa.2","action":"Commit Response", "result":"Success", "context":Result: Success. cV=kdVVO3BgnUTfFB0iURBcpa.0;server=akswtt107000003;cloudType=Multitenant;environment=Prod_southeastasia_prod-s01-064-apac-southeastasia;migrationStage=NotStarted}
{"logTime": "1117/055726", "correlationVector":"Pqy7kv24N9WfTvFlGxaXT0","action":"Commit Request", "result":"", "context":Item count: 3
Contributing types: Sessions, History}
{"logTime": "1117/055726", "correlationVector":"Pqy7kv24N9WfTvFlGxaXT0.1","action":"SyncServerConnectionManagerRequest", "result":"SYNC_SERVER_OK", "context":{"environment":"Prod_japanwest_prod-s01-066-apac-japanwest", "migrationStage":"NotStarted", "server":"akswtt10700000n"}}
{"logTime": "1117/055726", "correlationVector":"Pqy7kv24N9WfTvFlGxaXT0.3","action":"Commit.Sessions", "result":"Success", "context":{"id":"56413d37-6d1a-4d4f-a5c1-5f08d5e17d46", "isDeleted":"true", "size":"0", "version":"1763358982721"}}
{"logTime": "1117/055726", "correlationVector":"Pqy7kv24N9WfTvFlGxaXT0.2","action":"Commit Response", "result":"Success", "context":Result: Success. cV=Pqy7kv24N9WfTvFlGxaXT0.0;server=akswtt10700000n;cloudType=Multitenant;environment=Prod_japanwest_prod-s01-066-apac-japanwest;migrationStage=NotStarted}
{"logTime": "1118/004528", "correlationVector":"6S/NyNAEZKdkEHzxGh8+sn.1","action":"SyncServerConnectionManagerRequest", "result":"SYNC_SERVER_OK", "context":{"environment":"Prod_japaneast_prod-s01-061-apac-japaneast", "migrationStage":"NotStarted", "server":"akswtt10700000l"}}
{"logTime": "1118/004529", "correlationVector":"6S/NyNAEZKdkEHzxGh8+sn.2","action":"AAD.Mip.Unpack", "result":"Success", "context":MIP_CLOUD_COMMERCIAL:Success}
{"logTime": "1118/004529", "correlationVector":"6S/NyNAEZKdkEHzxGh8+sn.3","action":"EncryptionKeysManager::SetEncryptionKeys:", "result":"Success", "context":Key names[4]:[k4bg9FW0uDSlrXjO2g/fit/NdA3aSxA85Jskh0gQxWGTRyP7KJUnK216WndIoWk4ibNNlmgYA5+YD6lU2Ma2hg==][uLrGeqx+XstEyercTooXS/pYKNj/PJpAS4ervE8NQay7m26hixzRBc5oppXgU4cYX+6hjDl00O50GHbDGsUbPw==][JLOvMvQYC+2QUeC6eODoIP5O/Z8CBFjijFBllAA0wjJXZpjRTdeCAWZVR91DDkwYDszyUVS203/bwzjFII+iVw==][QpDi7vOE6BsKjGxCsMl/Aw2BPPGV7Sa2qClkFbKgXopEYPWgfdUqARh2gHT3OHzZ6DjhKpqZtYkwWgBU60vqiw==]}
{"logTime": "1118/004529", "correlationVector":"6S/NyNAEZKdkEHzxGh8+sn.4","action":"AAD.GetKeyResponse", "result":"Success", "context":Keys=4.LastKeyStatus=Active. 2025-09-01 11:07:08 +09.State=None. Tags: Current_encryption_keys_tag = UlDvv70+P++/vSF9ExRyBgnvv708VVkR77+977+9DE5s77+9Wh5yJHNcbGY=, Updated_current_encryption_keys_tag = Empty. Emails: ["ktq2390326@stu.o-hara.ac.jp"]}
{"logTime": "1118/004529", "correlationVector":"6S/NyNAEZKdkEHzxGh8+sn.5","action":"ProcessGetUpdates", "result":"Done", "context":{"dataType":"Encryption Keys", "deleted":"0", "process_failed_to_decrypt":"0", "process_pending_decryption":"0", "process_success":"1", "total":"1"}}
{"logTime": "1118/004529", "correlationVector":"6S/NyNAEZKdkEHzxGh8+sn","action":"Initial GetUpdates", "result":"", "context":Reason: NEW_CLIENT. cV=6S/NyNAEZKdkEHzxGh8+sn}
{"logTime": "1118/004529", "correlationVector":"6S/NyNAEZKdkEHzxGh8+sn.6","action":"GetUpdates Response", "result":"Success", "context":Received 1 update(s). cV=6S/NyNAEZKdkEHzxGh8+sn.0;server=akswtt10700000l;cloudType=Multitenant;environment=Prod_japaneast_prod-s01-061-apac-japaneast;migrationStage=NotStarted}
{"logTime": "1118/004529", "correlationVector":"wwZF2ms/kTQv61WwmzBiT6","action":"Initial GetUpdates", "result":"", "context":Reason: NEWLY_SUPPORTED_DATATYPE. cV=wwZF2ms/kTQv61WwmzBiT6}
{"logTime": "1118/004530", "correlationVector":"wwZF2ms/kTQv61WwmzBiT6.1","action":"SyncServerConnectionManagerRequest", "result":"SYNC_SERVER_OK", "context":{"environment":"Prod_southeastasia_prod-s01-065-apac-southeastasia", "migrationStage":"NotStarted", "server":"akswtt10700000j"}}
{"logTime": "1118/004530", "correlationVector":"wwZF2ms/kTQv61WwmzBiT6.2","action":"ProcessGetUpdates", "result":"Done", "context":{"dataType":"Passwords", "deleted":"2", "process_failed_to_decrypt":"0", "process_pending_decryption":"0", "process_success":"71", "total":"71"}}
{"logTime": "1118/004530", "correlationVector":"wwZF2ms/kTQv61WwmzBiT6.3","action":"GetUpdates Response", "result":"Success", "context":Received 71 update(s). cV=wwZF2ms/kTQv61WwmzBiT6.0;server=akswtt10700000j;cloudType=Multitenant;environment=Prod_southeastasia_prod-s01-065-apac-southeastasia;migrationStage=NotStarted}
{"logTime": "1118/004530", "correlationVector":"fCyzzZ5rdn8dfHfnMC44mf","action":"Normal GetUpdate request", "result":"", "context":cV=fCyzzZ5rdn8dfHfnMC44mf
Nudged types: Sessions, Device Info, History
Refresh requested types: Bookmarks, Preferences, Passwords, Autofill Profiles, Autofill, Extensions, Sessions, Extension settings, History Delete Directives, Device Info, User Consents, Send Tab To Self, Web Apps, History, Saved Tab Group, WebAuthn Credentials, Collection, Edge E Drop, Edge Hub App Usage, Edge Wallet, Encryption Keys}
{"logTime": "1118/004531", "correlationVector":"fCyzzZ5rdn8dfHfnMC44mf.1","action":"SyncServerConnectionManagerRequest", "result":"SYNC_SERVER_OK", "context":{"environment":"Prod_southeastasia_prod-s01-065-apac-southeastasia", "migrationStage":"NotStarted", "server":"akswtt10700000n"}}
{"logTime": "1118/004531", "correlationVector":"fCyzzZ5rdn8dfHfnMC44mf.2","action":"ProcessGetUpdates", "result":"Done", "context":{"dataType":"Preferences", "deleted":"0", "process_failed_to_decrypt":"0", "process_pending_decryption":"0", "process_success":"3", "total":"3"}}
{"logTime": "1118/004531", "correlationVector":"fCyzzZ5rdn8dfHfnMC44mf.3","action":"ProcessGetUpdates", "result":"Done", "context":{"dataType":"Sessions", "deleted":"11", "process_failed_to_decrypt":"0", "process_pending_decryption":"0", "process_success":"15", "total":"15"}}
{"logTime": "1118/004531", "correlationVector":"fCyzzZ5rdn8dfHfnMC44mf.4","action":"ProcessGetUpdates", "result":"Done", "context":{"dataType":"Device Info", "deleted":"0", "process_failed_to_decrypt":"0", "process_pending_decryption":"0", "process_success":"2", "total":"2"}}
{"logTime": "1118/004531", "correlationVector":"fCyzzZ5rdn8dfHfnMC44mf.5","action":"ProcessGetUpdates", "result":"Done", "context":{"dataType":"History", "deleted":"0", "process_failed_to_decrypt":"0", "process_pending_decryption":"0", "process_success":"45", "total":"45"}}
{"logTime": "1118/004531", "correlationVector":"fCyzzZ5rdn8dfHfnMC44mf.6","action":"GetUpdates Response", "result":"Success", "context":Received 65 update(s). cV=fCyzzZ5rdn8dfHfnMC44mf.0;server=akswtt10700000n;cloudType=Multitenant;environment=Prod_southeastasia_prod-s01-065-apac-southeastasia;migrationStage=NotStarted}
{"logTime": "1118/004531", "correlationVector":"0+bfmG3wstJZQB07e0t/Jr","action":"Commit Request", "result":"", "context":Item count: 1
Contributing types: History}
{"logTime": "1118/004531", "correlationVector":"0+bfmG3wstJZQB07e0t/Jr.1","action":"SyncServerConnectionManagerRequest", "result":"SYNC_SERVER_OK", "context":{"environment":"Prod_southeastasia_prod-s01-065-apac-southeastasia", "migrationStage":"NotStarted", "server":"akswtt107000005"}}
{"logTime": "1118/004531", "correlationVector":"0+bfmG3wstJZQB07e0t/Jr.2","action":"Commit Response", "result":"Success", "context":Result: Success. cV=0+bfmG3wstJZQB07e0t/Jr.0;server=akswtt107000005;cloudType=Multitenant;environment=Prod_southeastasia_prod-s01-065-apac-southeastasia;migrationStage=NotStarted}
{"logTime": "1118/004531", "correlationVector":"ddwXoWWj9ij6D8Flb7utGs","action":"Poll GetUpdate request", "result":"", "context":cV=ddwXoWWj9ij6D8Flb7utGs}
{"logTime": "1118/004531", "correlationVector":"ddwXoWWj9ij6D8Flb7utGs.1","action":"SyncServerConnectionManagerRequest", "result":"SYNC_SERVER_OK", "context":{"environment":"Prod_southeastasia_prod-s01-065-apac-southeastasia", "migrationStage":"NotStarted", "server":"akswtt10700000a"}}
{"logTime": "1118/004531", "correlationVector":"ddwXoWWj9ij6D8Flb7utGs.2","action":"ProcessGetUpdates", "result":"Done", "context":{"dataType":"History", "deleted":"0", "process_failed_to_decrypt":"0", "process_pending_decryption":"0", "process_success":"1", "total":"1"}}
{"logTime": "1118/004531", "correlationVector":"ddwXoWWj9ij6D8Flb7utGs.3","action":"GetUpdates Response", "result":"Success", "context":Received 1 update(s). cV=ddwXoWWj9ij6D8Flb7utGs.0;server=akswtt10700000a;cloudType=Multitenant;environment=Prod_southeastasia_prod-s01-065-apac-southeastasia;migrationStage=NotStarted}
{"logTime": "1118/004631", "correlationVector":"Yc7r+xHuVV+emHOUE1lUQA","action":"Commit Request", "result":"", "context":Item count: 3
Contributing types: Sessions, History}
{"logTime": "1118/004632", "correlationVector":"Yc7r+xHuVV+emHOUE1lUQA.1","action":"SyncServerConnectionManagerRequest", "result":"SYNC_SERVER_OK", "context":{"environment":"Prod_japanwest_prod-s01-066-apac-japanwest", "migrationStage":"NotStarted", "server":"akswtt10700000f"}}
{"logTime": "1118/004632", "correlationVector":"Yc7r+xHuVV+emHOUE1lUQA.2","action":"Commit Response", "result":"Success", "context":Result: Success. cV=Yc7r+xHuVV+emHOUE1lUQA.0;server=akswtt10700000f;cloudType=Multitenant;environment=Prod_japanwest_prod-s01-066-apac-japanwest;migrationStage=NotStarted}
{"logTime": "1118/004634", "correlationVector":"0t+4gC6OHjX0cRLsrF2Sv7","action":"Normal GetUpdate request", "result":"", "context":cV=0t+4gC6OHjX0cRLsrF2Sv7
Notified types: History}
{"logTime": "1118/004634", "correlationVector":"0t+4gC6OHjX0cRLsrF2Sv7.1","action":"SyncServerConnectionManagerRequest", "result":"SYNC_SERVER_OK", "context":{"environment":"Prod_japanwest_prod-s01-066-apac-japanwest", "migrationStage":"NotStarted", "server":"akswtt107000002"}}
{"logTime": "1118/004634", "correlationVector":"0t+4gC6OHjX0cRLsrF2Sv7.2","action":"ProcessGetUpdates", "result":"Done", "context":{"dataType":"Sessions", "deleted":"0", "process_failed_to_decrypt":"0", "process_pending_decryption":"0", "process_success":"4", "total":"4"}}
{"logTime": "1118/004634", "correlationVector":"0t+4gC6OHjX0cRLsrF2Sv7.3","action":"ProcessGetUpdates", "result":"Done", "context":{"dataType":"History", "deleted":"0", "process_failed_to_decrypt":"0", "process_pending_decryption":"0", "process_success":"5", "total":"5"}}
{"logTime": "1118/004634", "correlationVector":"0t+4gC6OHjX0cRLsrF2Sv7.4","action":"GetUpdates Response", "result":"Success", "context":Received 9 update(s). cV=0t+4gC6OHjX0cRLsrF2Sv7.0;server=akswtt107000002;cloudType=Multitenant;environment=Prod_japanwest_prod-s01-066-apac-japanwest;migrationStage=NotStarted}
{"logTime": "1118/004735", "correlationVector":"tqNOOGj25bn7Qd9v2RpHsJ","action":"Normal GetUpdate request", "result":"", "context":cV=tqNOOGj25bn7Qd9v2RpHsJ
Nudged types: Sessions
Notified types: History}
{"logTime": "1118/004735", "correlationVector":"tqNOOGj25bn7Qd9v2RpHsJ.1","action":"SyncServerConnectionManagerRequest", "result":"SYNC_SERVER_OK", "context":{"environment":"Prod_japaneast_prod-s01-061-apac-japaneast", "migrationStage":"NotStarted", "server":"akswtt107000003"}}
{"logTime": "1118/004735", "correlationVector":"tqNOOGj25bn7Qd9v2RpHsJ.2","action":"ProcessGetUpdates", "result":"Done", "context":{"dataType":"Sessions", "deleted":"0", "process_failed_to_decrypt":"0", "process_pending_decryption":"0", "process_success":"1", "total":"1"}}
{"logTime": "1118/004735", "correlationVector":"tqNOOGj25bn7Qd9v2RpHsJ.3","action":"ProcessGetUpdates", "result":"Done", "context":{"dataType":"History", "deleted":"0", "process_failed_to_decrypt":"0", "process_pending_decryption":"0", "process_success":"4", "total":"4"}}
{"logTime": "1118/004735", "correlationVector":"tqNOOGj25bn7Qd9v2RpHsJ.4","action":"GetUpdates Response", "result":"Success", "context":Received 5 update(s). cV=tqNOOGj25bn7Qd9v2RpHsJ.0;server=akswtt107000003;cloudType=Multitenant;environment=Prod_japaneast_prod-s01-061-apac-japaneast;migrationStage=NotStarted}
{"logTime": "1118/004735", "correlationVector":"DRV5e+tyGDGaEYrLNIAqHc","action":"Commit Request", "result":"", "context":Item count: 1
Contributing types: Sessions}
{"logTime": "1118/004735", "correlationVector":"DRV5e+tyGDGaEYrLNIAqHc.1","action":"SyncServerConnectionManagerRequest", "result":"SYNC_SERVER_OK", "context":{"environment":"Prod_japaneast_prod-s01-061-apac-japaneast", "migrationStage":"NotStarted", "server":"akswtt10700000e"}}
{"logTime": "1118/004735", "correlationVector":"DRV5e+tyGDGaEYrLNIAqHc.2","action":"Commit Response", "result":"Success", "context":Result: Success. cV=DRV5e+tyGDGaEYrLNIAqHc.0;server=akswtt10700000e;cloudType=Multitenant;environment=Prod_japaneast_prod-s01-061-apac-japaneast;migrationStage=NotStarted}
{"logTime": "1118/005002", "correlationVector":"7R/sMaGlPfFTcbAwOASByj.1","action":"SyncServerConnectionManagerRequest", "result":"SYNC_SERVER_OK", "context":{"environment":"Prod_japaneast_prod-s01-061-apac-japaneast", "migrationStage":"NotStarted", "server":"akswtt10700000h"}}
{"logTime": "1118/005003", "correlationVector":"7R/sMaGlPfFTcbAwOASByj.2","action":"AAD.Mip.Unpack", "result":"Success", "context":MIP_CLOUD_COMMERCIAL:Success}
{"logTime": "1118/005004", "correlationVector":"7R/sMaGlPfFTcbAwOASByj.3","action":"EncryptionKeysManager::SetEncryptionKeys:", "result":"Success", "context":Key names[4]:[k4bg9FW0uDSlrXjO2g/fit/NdA3aSxA85Jskh0gQxWGTRyP7KJUnK216WndIoWk4ibNNlmgYA5+YD6lU2Ma2hg==][uLrGeqx+XstEyercTooXS/pYKNj/PJpAS4ervE8NQay7m26hixzRBc5oppXgU4cYX+6hjDl00O50GHbDGsUbPw==][JLOvMvQYC+2QUeC6eODoIP5O/Z8CBFjijFBllAA0wjJXZpjRTdeCAWZVR91DDkwYDszyUVS203/bwzjFII+iVw==][QpDi7vOE6BsKjGxCsMl/Aw2BPPGV7Sa2qClkFbKgXopEYPWgfdUqARh2gHT3OHzZ6DjhKpqZtYkwWgBU60vqiw==]}
{"logTime": "1118/005004", "correlationVector":"7R/sMaGlPfFTcbAwOASByj.4","action":"AAD.GetKeyResponse", "result":"Success", "context":Keys=4.LastKeyStatus=Active. 2025-09-01 11:07:08 +09.State=None. Tags: Current_encryption_keys_tag = UlDvv70+P++/vSF9ExRyBgnvv708VVkR77+977+9DE5s77+9Wh5yJHNcbGY=, Updated_current_encryption_keys_tag = Empty. Emails: ["ktq2390326@stu.o-hara.ac.jp"]}
{"logTime": "1118/005004", "correlationVector":"7R/sMaGlPfFTcbAwOASByj.5","action":"ProcessGetUpdates", "result":"Done", "context":{"dataType":"Encryption Keys", "deleted":"0", "process_failed_to_decrypt":"0", "process_pending_decryption":"0", "process_success":"1", "total":"1"}}
{"logTime": "1118/005004", "correlationVector":"7R/sMaGlPfFTcbAwOASByj","action":"Initial GetUpdates", "result":"", "context":Reason: NEW_CLIENT. cV=7R/sMaGlPfFTcbAwOASByj}
{"logTime": "1118/005004", "correlationVector":"7R/sMaGlPfFTcbAwOASByj.6","action":"GetUpdates Response", "result":"Success", "context":Received 1 update(s). cV=7R/sMaGlPfFTcbAwOASByj.0;server=akswtt10700000h;cloudType=Multitenant;environment=Prod_japaneast_prod-s01-061-apac-japaneast;migrationStage=NotStarted}
{"logTime": "1118/005004", "correlationVector":"HSDVKuFwyUOzZZDG/vIoa3","action":"Initial GetUpdates", "result":"", "context":Reason: NEWLY_SUPPORTED_DATATYPE. cV=HSDVKuFwyUOzZZDG/vIoa3}
{"logTime": "1118/005004", "correlationVector":"HSDVKuFwyUOzZZDG/vIoa3.1","action":"SyncServerConnectionManagerRequest", "result":"SYNC_SERVER_OK", "context":{"environment":"Prod_japanwest_prod-s01-066-apac-japanwest", "migrationStage":"NotStarted", "server":"akswtt10700000q"}}
{"logTime": "1118/005004", "correlationVector":"HSDVKuFwyUOzZZDG/vIoa3.2","action":"ProcessGetUpdates", "result":"Done", "context":{"dataType":"Passwords", "deleted":"2", "process_failed_to_decrypt":"0", "process_pending_decryption":"0", "process_success":"71", "total":"71"}}
{"logTime": "1118/005004", "correlationVector":"HSDVKuFwyUOzZZDG/vIoa3.3","action":"GetUpdates Response", "result":"Success", "context":Received 71 update(s). cV=HSDVKuFwyUOzZZDG/vIoa3.0;server=akswtt10700000q;cloudType=Multitenant;environment=Prod_japanwest_prod-s01-066-apac-japanwest;migrationStage=NotStarted}
{"logTime": "1118/005004", "correlationVector":"V7WNdv49lkj6Ra+AOwfFsX","action":"Normal GetUpdate request", "result":"", "context":cV=V7WNdv49lkj6Ra+AOwfFsX
Nudged types: Sessions, Device Info, History
Refresh requested types: Bookmarks, Preferences, Passwords, Autofill Profiles, Autofill, Extensions, Sessions, Extension settings, History Delete Directives, Device Info, User Consents, Send Tab To Self, Web Apps, History, Saved Tab Group, WebAuthn Credentials, Collection, Edge E Drop, Edge Hub App Usage, Edge Wallet, Encryption Keys}
{"logTime": "1118/005005", "correlationVector":"V7WNdv49lkj6Ra+AOwfFsX.1","action":"SyncServerConnectionManagerRequest", "result":"SYNC_SERVER_OK", "context":{"environment":"Prod_japanwest_prod-s01-066-apac-japanwest", "migrationStage":"NotStarted", "server":"akswtt10700000v"}}
{"logTime": "1118/005005", "correlationVector":"V7WNdv49lkj6Ra+AOwfFsX.2","action":"ProcessGetUpdates", "result":"Done", "context":{"dataType":"Sessions", "deleted":"0", "process_failed_to_decrypt":"0", "process_pending_decryption":"0", "process_success":"1", "total":"1"}}
{"logTime": "1118/005005", "correlationVector":"V7WNdv49lkj6Ra+AOwfFsX.3","action":"GetUpdates Response", "result":"Success", "context":Received 1 update(s). cV=V7WNdv49lkj6Ra+AOwfFsX.0;server=akswtt10700000v;cloudType=Multitenant;environment=Prod_japanwest_prod-s01-066-apac-japanwest;migrationStage=NotStarted}
{"logTime": "1118/005005", "correlationVector":"L44v9FHm3eh28cV0xOC7+X","action":"Commit Request", "result":"", "context":Item count: 6
Contributing types: Sessions, Device Info, History}
{"logTime": "1118/005005", "correlationVector":"L44v9FHm3eh28cV0xOC7+X.1","action":"SyncServerConnectionManagerRequest", "result":"SYNC_SERVER_OK", "context":{"environment":"Prod_japaneast_prod-s01-061-apac-japaneast", "migrationStage":"NotStarted", "server":"akswtt107000001"}}
{"logTime": "1118/005005", "correlationVector":"L44v9FHm3eh28cV0xOC7+X.3","action":"Commit.Sessions", "result":"Success", "context":{"id":"c1cfb6d2-7ccc-41f8-aa93-715c3f66eca3", "isDeleted":"true", "size":"0", "version":"1763426856438"}}
{"logTime": "1118/005005", "correlationVector":"L44v9FHm3eh28cV0xOC7+X.2","action":"Commit Response", "result":"Success", "context":Result: Success. cV=L44v9FHm3eh28cV0xOC7+X.0;server=akswtt107000001;cloudType=Multitenant;environment=Prod_japaneast_prod-s01-061-apac-japaneast;migrationStage=NotStarted}
{"logTime": "1118/005112", "correlationVector":"YGw42ODAgi1/degtQToGD4","action":"Commit Request", "result":"", "context":Item count: 2
Contributing types: Sessions, History}
{"logTime": "1118/005113", "correlationVector":"YGw42ODAgi1/degtQToGD4.1","action":"SyncServerConnectionManagerRequest", "result":"SYNC_SERVER_OK", "context":{"environment":"Prod_japanwest_prod-s01-066-apac-japanwest", "migrationStage":"NotStarted", "server":"akswtt107000009"}}
{"logTime": "1118/005113", "correlationVector":"YGw42ODAgi1/degtQToGD4.2","action":"Commit Response", "result":"Success", "context":Result: Success. cV=YGw42ODAgi1/degtQToGD4.0;server=akswtt107000009;cloudType=Multitenant;environment=Prod_japanwest_prod-s01-066-apac-japanwest;migrationStage=NotStarted}
{"logTime": "1118/005114", "correlationVector":"+RGfqYgRB7SrLf6lnjuvLO","action":"Normal GetUpdate request", "result":"", "context":cV=+RGfqYgRB7SrLf6lnjuvLO
Notified types: History}
{"logTime": "1118/005114", "correlationVector":"+RGfqYgRB7SrLf6lnjuvLO.1","action":"SyncServerConnectionManagerRequest", "result":"SYNC_SERVER_OK", "context":{"environment":"Prod_japaneast_prod-s01-061-apac-japaneast", "migrationStage":"NotStarted", "server":"akswtt10700000n"}}
{"logTime": "1118/005114", "correlationVector":"+RGfqYgRB7SrLf6lnjuvLO.2","action":"ProcessGetUpdates", "result":"Done", "context":{"dataType":"Sessions", "deleted":"1", "process_failed_to_decrypt":"0", "process_pending_decryption":"0", "process_success":"5", "total":"5"}}
{"logTime": "1118/005114", "correlationVector":"+RGfqYgRB7SrLf6lnjuvLO.3","action":"ProcessGetUpdates", "result":"Done", "context":{"dataType":"Device Info", "deleted":"0", "process_failed_to_decrypt":"0", "process_pending_decryption":"0", "process_success":"1", "total":"1"}}
{"logTime": "1118/005114", "correlationVector":"+RGfqYgRB7SrLf6lnjuvLO.4","action":"ProcessGetUpdates", "result":"Done", "context":{"dataType":"History", "deleted":"0", "process_failed_to_decrypt":"0", "process_pending_decryption":"0", "process_success":"6", "total":"6"}}
{"logTime": "1118/005114", "correlationVector":"+RGfqYgRB7SrLf6lnjuvLO.5","action":"GetUpdates Response", "result":"Success", "context":Received 12 update(s). cV=+RGfqYgRB7SrLf6lnjuvLO.0;server=akswtt10700000n;cloudType=Multitenant;environment=Prod_japaneast_prod-s01-061-apac-japaneast;migrationStage=NotStarted}
